#
# There is insufficient memory for the Java Runtime Environment to continue.
# Native memory allocation (malloc) failed to allocate 1077616 bytes for Chunk::new
# Possible reasons:
#   The system is out of physical RAM or swap space
#   The process is running with CompressedOops enabled, and the Java Heap may be blocking the growth of the native heap
# Possible solutions:
#   Reduce memory load on the system
#   Increase physical memory or swap space
#   Check if swap backing store is full
#   Decrease Java heap size (-Xmx/-Xms)
#   Decrease number of Java threads
#   Decrease Java thread stack sizes (-Xss)
#   Set larger code cache with -XX:ReservedCodeCacheSize=
#   JVM is running with Unscaled Compressed Oops mode in which the Java heap is
#     placed in the first 4GB address space. The Java Heap base address is the
#     maximum limit for the native heap growth. Please use -XX:HeapBaseMinAddress
#     to set the Java Heap base and to place the Java Heap above 4GB virtual address.
# This output file may be truncated or incomplete.
#
#  Out of Memory Error (arena.cpp:184), pid=33820, tid=27752
#
# JRE version: Java(TM) SE Runtime Environment (18.0.1.1+2) (build 18.0.1.1+2-6)
# Java VM: Java HotSpot(TM) 64-Bit Server VM (18.0.1.1+2-6, mixed mode, sharing, tiered, compressed oops, compressed class ptrs, g1 gc, windows-amd64)
# No core dump will be written. Minidumps are not enabled by default on client versions of Windows
#

---------------  S U M M A R Y ------------

Command Line: --add-opens=java.base/java.util=ALL-UNNAMED --add-opens=java.base/java.lang=ALL-UNNAMED --add-opens=java.base/java.lang.invoke=ALL-UNNAMED --add-opens=java.prefs/java.util.prefs=ALL-UNNAMED --add-opens=java.base/java.nio.charset=ALL-UNNAMED --add-opens=java.base/java.net=ALL-UNNAMED --add-opens=java.base/java.util.concurrent.atomic=ALL-UNNAMED -Xmx2048m -Dfile.encoding=UTF-8 -Duser.country=US -Duser.language=en -Duser.variant org.gradle.launcher.daemon.bootstrap.GradleDaemon 8.0

Host: AMD Ryzen 7 5800H with Radeon Graphics         , 16 cores, 13G,  Windows 11 , 64 bit Build 22621 (10.0.22621.2506)
Time: Tue Dec 19 20:25:30 2023 SE Asia Standard Time elapsed time: 1.783125 seconds (0d 0h 0m 1s)

---------------  T H R E A D  ---------------

Current thread (0x000002c47ea99e40):  JavaThread "C2 CompilerThread1" daemon [_thread_in_native, id=27752, stack(0x000000fce5a00000,0x000000fce5b00000)]


Current CompileTask:
C2:   1783 2237       4       java.lang.invoke.MethodType::makeImpl (109 bytes)

Stack: [0x000000fce5a00000,0x000000fce5b00000]
Native frames: (J=compiled Java code, j=interpreted, Vv=VM code, C=native code)
V  [jvm.dll+0x69887a]
V  [jvm.dll+0x7f38bd]
V  [jvm.dll+0x7f51ce]
V  [jvm.dll+0x7f5883]
V  [jvm.dll+0x25ca3f]
V  [jvm.dll+0xb8c2f]
V  [jvm.dll+0xb8fa5]
V  [jvm.dll+0x385a31]
V  [jvm.dll+0x34f811]
V  [jvm.dll+0x34ecaa]
V  [jvm.dll+0x22fc21]
V  [jvm.dll+0x22eff1]
V  [jvm.dll+0x1b9cfc]
V  [jvm.dll+0x23e8ca]
V  [jvm.dll+0x23cbb5]
V  [jvm.dll+0x7a5fb1]
V  [jvm.dll+0x7a03ea]
V  [jvm.dll+0x697725]
C  [ucrtbase.dll+0x29363]
C  [KERNEL32.DLL+0x1257d]
C  [ntdll.dll+0x5aa58]


---------------  P R O C E S S  ---------------

Threads class SMR info:
_java_thread_list=0x000002c41009f6b0, length=26, elements={
0x000002c46a6205f0, 0x000002c47a438740, 0x000002c47a4393a0, 0x000002c47a457260,
0x000002c47a457b10, 0x000002c47a4584b0, 0x000002c47a458e50, 0x000002c47a45bb30,
0x000002c47e808090, 0x000002c47e808a70, 0x000002c47e9083b0, 0x000002c47e9481a0,
0x000002c47e95ef30, 0x000002c47e98f390, 0x000002c47ea99e40, 0x000002c40f48f010,
0x000002c40f4ef410, 0x000002c40f56a8c0, 0x000002c40ff2f030, 0x000002c40fb64440,
0x000002c41027fe90, 0x000002c410280d00, 0x000002c4102811d0, 0x000002c4102816a0,
0x000002c410280830, 0x000002c410281b70
}

Java Threads: ( => current thread )
  0x000002c46a6205f0 JavaThread "main" [_thread_blocked, id=29772, stack(0x000000fce4500000,0x000000fce4600000)]
  0x000002c47a438740 JavaThread "Reference Handler" daemon [_thread_blocked, id=25260, stack(0x000000fce4c00000,0x000000fce4d00000)]
  0x000002c47a4393a0 JavaThread "Finalizer" daemon [_thread_blocked, id=11548, stack(0x000000fce4d00000,0x000000fce4e00000)]
  0x000002c47a457260 JavaThread "Signal Dispatcher" daemon [_thread_blocked, id=8316, stack(0x000000fce4e00000,0x000000fce4f00000)]
  0x000002c47a457b10 JavaThread "Attach Listener" daemon [_thread_blocked, id=17524, stack(0x000000fce4f00000,0x000000fce5000000)]
  0x000002c47a4584b0 JavaThread "Service Thread" daemon [_thread_blocked, id=10088, stack(0x000000fce5000000,0x000000fce5100000)]
  0x000002c47a458e50 JavaThread "Monitor Deflation Thread" daemon [_thread_blocked, id=12056, stack(0x000000fce5100000,0x000000fce5200000)]
  0x000002c47a45bb30 JavaThread "C2 CompilerThread0" daemon [_thread_in_native, id=26176, stack(0x000000fce5200000,0x000000fce5300000)]
  0x000002c47e808090 JavaThread "C1 CompilerThread0" daemon [_thread_in_native, id=31072, stack(0x000000fce5300000,0x000000fce5400000)]
  0x000002c47e808a70 JavaThread "Sweeper thread" daemon [_thread_blocked, id=35836, stack(0x000000fce5400000,0x000000fce5500000)]
  0x000002c47e9083b0 JavaThread "C1 CompilerThread1" daemon [_thread_blocked, id=9320, stack(0x000000fce5500000,0x000000fce5600000)]
  0x000002c47e9481a0 JavaThread "C1 CompilerThread2" daemon [_thread_blocked, id=9468, stack(0x000000fce5600000,0x000000fce5700000)]
  0x000002c47e95ef30 JavaThread "Common-Cleaner" daemon [_thread_blocked, id=19484, stack(0x000000fce5700000,0x000000fce5800000)]
  0x000002c47e98f390 JavaThread "Notification Thread" daemon [_thread_blocked, id=12628, stack(0x000000fce5800000,0x000000fce5900000)]
=>0x000002c47ea99e40 JavaThread "C2 CompilerThread1" daemon [_thread_in_native, id=27752, stack(0x000000fce5a00000,0x000000fce5b00000)]
  0x000002c40f48f010 JavaThread "C1 CompilerThread3" daemon [_thread_blocked, id=22592, stack(0x000000fce5f00000,0x000000fce6000000)]
  0x000002c40f4ef410 JavaThread "Daemon health stats" [_thread_blocked, id=6256, stack(0x000000fce6000000,0x000000fce6100000)]
  0x000002c40f56a8c0 JavaThread "Incoming local TCP Connector on port 8142" [_thread_in_native, id=25692, stack(0x000000fce6100000,0x000000fce6200000)]
  0x000002c40ff2f030 JavaThread "Daemon periodic checks" [_thread_blocked, id=11048, stack(0x000000fce6200000,0x000000fce6300000)]
  0x000002c40fb64440 JavaThread "Daemon" [_thread_blocked, id=15552, stack(0x000000fce6300000,0x000000fce6400000)]
  0x000002c41027fe90 JavaThread "Handler for socket connection from /127.0.0.1:8142 to /127.0.0.1:8143" [_thread_in_native, id=29616, stack(0x000000fce6400000,0x000000fce6500000)]
  0x000002c410280d00 JavaThread "Cancel handler" [_thread_blocked, id=27824, stack(0x000000fce6500000,0x000000fce6600000)]
  0x000002c4102811d0 JavaThread "Daemon worker" [_thread_in_Java, id=35212, stack(0x000000fce6600000,0x000000fce6700000)]
  0x000002c4102816a0 JavaThread "Asynchronous log dispatcher for DefaultDaemonConnection: socket connection from /127.0.0.1:8142 to /127.0.0.1:8143" [_thread_blocked, id=5128, stack(0x000000fce6700000,0x000000fce6800000)]
  0x000002c410280830 JavaThread "Stdin handler" [_thread_blocked, id=14472, stack(0x000000fce6800000,0x000000fce6900000)]
  0x000002c410281b70 JavaThread "Daemon client event forwarder" [_thread_blocked, id=25724, stack(0x000000fce6900000,0x000000fce6a00000)]

Other Threads:
  0x000002c46a6b2540 VMThread "VM Thread" [stack: 0x000000fce4b00000,0x000000fce4c00000] [id=1552]
  0x000002c47e990860 WatcherThread "VM Periodic Task Thread" [stack: 0x000000fce5900000,0x000000fce5a00000] [id=29548]
  0x000002c46a682790 WorkerThread "GC Thread#0" [stack: 0x000000fce4600000,0x000000fce4700000] [id=10376]
  0x000002c47f36e040 WorkerThread "GC Thread#1" [stack: 0x000000fce5b00000,0x000000fce5c00000] [id=17568]
  0x000002c47ef42210 WorkerThread "GC Thread#2" [stack: 0x000000fce5c00000,0x000000fce5d00000] [id=35420]
  0x000002c47ef424b0 WorkerThread "GC Thread#3" [stack: 0x000000fce5d00000,0x000000fce5e00000] [id=3768]
  0x000002c47ef42750 WorkerThread "GC Thread#4" [stack: 0x000000fce5e00000,0x000000fce5f00000] [id=12328]
  0x000002c46a6956e0 ConcurrentGCThread "G1 Main Marker" [stack: 0x000000fce4700000,0x000000fce4800000] [id=25584]
  0x000002c46a696870 WorkerThread "G1 Conc#0" [stack: 0x000000fce4800000,0x000000fce4900000] [id=14888]
  0x000002c46a6deb40 ConcurrentGCThread "G1 Refine#0" [stack: 0x000000fce4900000,0x000000fce4a00000] [id=33452]
  0x000002c47a2ab760 ConcurrentGCThread "G1 Service" [stack: 0x000000fce4a00000,0x000000fce4b00000] [id=27620]

Threads with active compile tasks:
C2 CompilerThread0     1809 2301       4       java.util.LinkedHashMap::get (29 bytes)
C1 CompilerThread0     1809 2307       3       jdk.internal.org.objectweb.asm.ClassReader::readUtf (161 bytes)
C2 CompilerThread1     1809 2237       4       java.lang.invoke.MethodType::makeImpl (109 bytes)

VM state: not at safepoint (normal execution)

VM Mutex/Monitor currently owned by a thread: None

Heap address: 0x0000000080000000, size: 2048 MB, Compressed Oops mode: 32-bit

CDS archive(s) mapped at: [0x0000000800000000-0x0000000800ba0000-0x0000000800ba0000), size 12189696, SharedBaseAddress: 0x0000000800000000, ArchiveRelocationMode: 0.
Compressed class space mapped at: 0x0000000800c00000-0x0000000840c00000, reserved size: 1073741824
Narrow klass base: 0x0000000800000000, Narrow klass shift: 0, Narrow klass range: 0x100000000

GC Precious Log:
 CardTable entry size: 512
 Card Set container configuration: InlinePtr #cards 5 size 8 Array Of Cards #cards 12 size 40 Howl #buckets 4 coarsen threshold 1843 Howl Bitmap #cards 512 size 80 coarsen threshold 460 Card regions per heap region 1 cards per card region 2048
 CPUs: 16 total, 16 available
 Memory: 14188M
 Large Page Support: Disabled
 NUMA Support: Disabled
 Compressed Oops: Enabled (32-bit)
 Heap Region Size: 1M
 Heap Min Capacity: 8M
 Heap Initial Capacity: 222M
 Heap Max Capacity: 2G
 Pre-touch: Disabled
 Parallel Workers: 13
 Concurrent Workers: 3
 Concurrent Refinement Workers: 13
 Periodic GC: Disabled

Heap:
 garbage-first heap   total 227328K, used 53772K [0x0000000080000000, 0x0000000100000000)
  region size 1024K, 43 young (44032K), 4 survivors (4096K)
 Metaspace       used 12305K, committed 12736K, reserved 1114112K
  class space    used 1681K, committed 1856K, reserved 1048576K

Heap Regions: E=young(eden), S=young(survivor), O=old, HS=humongous(starts), HC=humongous(continues), CS=collection set, F=free, OA=open archive, CA=closed archive, TAMS=top-at-mark-start (previous, next)
|   0|0x0000000080000000, 0x0000000080100000, 0x0000000080100000|100%|HS|  |TAMS 0x0000000080000000, 0x0000000080000000| Complete 
|   1|0x0000000080100000, 0x0000000080200000, 0x0000000080200000|100%|HC|  |TAMS 0x0000000080100000, 0x0000000080100000| Complete 
|   2|0x0000000080200000, 0x0000000080300000, 0x0000000080300000|100%|HC|  |TAMS 0x0000000080200000, 0x0000000080200000| Complete 
|   3|0x0000000080300000, 0x0000000080400000, 0x0000000080400000|100%|HC|  |TAMS 0x0000000080300000, 0x0000000080300000| Complete 
|   4|0x0000000080400000, 0x0000000080500000, 0x0000000080500000|100%| O|  |TAMS 0x0000000080400000, 0x0000000080400000| Untracked 
|   5|0x0000000080500000, 0x0000000080600000, 0x0000000080600000|100%| O|  |TAMS 0x0000000080500000, 0x0000000080500000| Untracked 
|   6|0x0000000080600000, 0x0000000080700000, 0x0000000080700000|100%| O|  |TAMS 0x0000000080600000, 0x0000000080600000| Untracked 
|   7|0x0000000080700000, 0x0000000080800000, 0x0000000080800000|100%| O|  |TAMS 0x0000000080700000, 0x0000000080700000| Untracked 
|   8|0x0000000080800000, 0x0000000080800000, 0x0000000080900000|  0%| F|  |TAMS 0x0000000080800000, 0x0000000080800000| Untracked 
|   9|0x0000000080900000, 0x0000000080a00000, 0x0000000080a00000|100%| O|  |TAMS 0x0000000080900000, 0x0000000080900000| Untracked 
|  10|0x0000000080a00000, 0x0000000080b00000, 0x0000000080b00000|100%| O|  |TAMS 0x0000000080a00000, 0x0000000080a00000| Untracked 
|  11|0x0000000080b00000, 0x0000000080b83200, 0x0000000080c00000| 51%| O|  |TAMS 0x0000000080b00000, 0x0000000080b00000| Untracked 
|  12|0x0000000080c00000, 0x0000000080c00000, 0x0000000080d00000|  0%| F|  |TAMS 0x0000000080c00000, 0x0000000080c00000| Untracked 
|  13|0x0000000080d00000, 0x0000000080d00000, 0x0000000080e00000|  0%| F|  |TAMS 0x0000000080d00000, 0x0000000080d00000| Untracked 
|  14|0x0000000080e00000, 0x0000000080e00000, 0x0000000080f00000|  0%| F|  |TAMS 0x0000000080e00000, 0x0000000080e00000| Untracked 
|  15|0x0000000080f00000, 0x0000000080f00000, 0x0000000081000000|  0%| F|  |TAMS 0x0000000080f00000, 0x0000000080f00000| Untracked 
|  16|0x0000000081000000, 0x0000000081000000, 0x0000000081100000|  0%| F|  |TAMS 0x0000000081000000, 0x0000000081000000| Untracked 
|  17|0x0000000081100000, 0x0000000081100000, 0x0000000081200000|  0%| F|  |TAMS 0x0000000081100000, 0x0000000081100000| Untracked 
|  18|0x0000000081200000, 0x0000000081200000, 0x0000000081300000|  0%| F|  |TAMS 0x0000000081200000, 0x0000000081200000| Untracked 
|  19|0x0000000081300000, 0x0000000081300000, 0x0000000081400000|  0%| F|  |TAMS 0x0000000081300000, 0x0000000081300000| Untracked 
|  20|0x0000000081400000, 0x0000000081400000, 0x0000000081500000|  0%| F|  |TAMS 0x0000000081400000, 0x0000000081400000| Untracked 
|  21|0x0000000081500000, 0x0000000081500000, 0x0000000081600000|  0%| F|  |TAMS 0x0000000081500000, 0x0000000081500000| Untracked 
|  22|0x0000000081600000, 0x0000000081600000, 0x0000000081700000|  0%| F|  |TAMS 0x0000000081600000, 0x0000000081600000| Untracked 
|  23|0x0000000081700000, 0x0000000081700000, 0x0000000081800000|  0%| F|  |TAMS 0x0000000081700000, 0x0000000081700000| Untracked 
|  24|0x0000000081800000, 0x0000000081800000, 0x0000000081900000|  0%| F|  |TAMS 0x0000000081800000, 0x0000000081800000| Untracked 
|  25|0x0000000081900000, 0x0000000081900000, 0x0000000081a00000|  0%| F|  |TAMS 0x0000000081900000, 0x0000000081900000| Untracked 
|  26|0x0000000081a00000, 0x0000000081a00000, 0x0000000081b00000|  0%| F|  |TAMS 0x0000000081a00000, 0x0000000081a00000| Untracked 
|  27|0x0000000081b00000, 0x0000000081b00000, 0x0000000081c00000|  0%| F|  |TAMS 0x0000000081b00000, 0x0000000081b00000| Untracked 
|  28|0x0000000081c00000, 0x0000000081c00000, 0x0000000081d00000|  0%| F|  |TAMS 0x0000000081c00000, 0x0000000081c00000| Untracked 
|  29|0x0000000081d00000, 0x0000000081d00000, 0x0000000081e00000|  0%| F|  |TAMS 0x0000000081d00000, 0x0000000081d00000| Untracked 
|  30|0x0000000081e00000, 0x0000000081e00000, 0x0000000081f00000|  0%| F|  |TAMS 0x0000000081e00000, 0x0000000081e00000| Untracked 
|  31|0x0000000081f00000, 0x0000000081f00000, 0x0000000082000000|  0%| F|  |TAMS 0x0000000081f00000, 0x0000000081f00000| Untracked 
|  32|0x0000000082000000, 0x0000000082000000, 0x0000000082100000|  0%| F|  |TAMS 0x0000000082000000, 0x0000000082000000| Untracked 
|  33|0x0000000082100000, 0x0000000082100000, 0x0000000082200000|  0%| F|  |TAMS 0x0000000082100000, 0x0000000082100000| Untracked 
|  34|0x0000000082200000, 0x0000000082200000, 0x0000000082300000|  0%| F|  |TAMS 0x0000000082200000, 0x0000000082200000| Untracked 
|  35|0x0000000082300000, 0x0000000082300000, 0x0000000082400000|  0%| F|  |TAMS 0x0000000082300000, 0x0000000082300000| Untracked 
|  36|0x0000000082400000, 0x0000000082400000, 0x0000000082500000|  0%| F|  |TAMS 0x0000000082400000, 0x0000000082400000| Untracked 
|  37|0x0000000082500000, 0x0000000082500000, 0x0000000082600000|  0%| F|  |TAMS 0x0000000082500000, 0x0000000082500000| Untracked 
|  38|0x0000000082600000, 0x0000000082600000, 0x0000000082700000|  0%| F|  |TAMS 0x0000000082600000, 0x0000000082600000| Untracked 
|  39|0x0000000082700000, 0x0000000082700000, 0x0000000082800000|  0%| F|  |TAMS 0x0000000082700000, 0x0000000082700000| Untracked 
|  40|0x0000000082800000, 0x0000000082800000, 0x0000000082900000|  0%| F|  |TAMS 0x0000000082800000, 0x0000000082800000| Untracked 
|  41|0x0000000082900000, 0x0000000082900000, 0x0000000082a00000|  0%| F|  |TAMS 0x0000000082900000, 0x0000000082900000| Untracked 
|  42|0x0000000082a00000, 0x0000000082a00000, 0x0000000082b00000|  0%| F|  |TAMS 0x0000000082a00000, 0x0000000082a00000| Untracked 
|  43|0x0000000082b00000, 0x0000000082b00000, 0x0000000082c00000|  0%| F|  |TAMS 0x0000000082b00000, 0x0000000082b00000| Untracked 
|  44|0x0000000082c00000, 0x0000000082c00000, 0x0000000082d00000|  0%| F|  |TAMS 0x0000000082c00000, 0x0000000082c00000| Untracked 
|  45|0x0000000082d00000, 0x0000000082d00000, 0x0000000082e00000|  0%| F|  |TAMS 0x0000000082d00000, 0x0000000082d00000| Untracked 
|  46|0x0000000082e00000, 0x0000000082e00000, 0x0000000082f00000|  0%| F|  |TAMS 0x0000000082e00000, 0x0000000082e00000| Untracked 
|  47|0x0000000082f00000, 0x0000000082f00000, 0x0000000083000000|  0%| F|  |TAMS 0x0000000082f00000, 0x0000000082f00000| Untracked 
|  48|0x0000000083000000, 0x0000000083000000, 0x0000000083100000|  0%| F|  |TAMS 0x0000000083000000, 0x0000000083000000| Untracked 
|  49|0x0000000083100000, 0x0000000083100000, 0x0000000083200000|  0%| F|  |TAMS 0x0000000083100000, 0x0000000083100000| Untracked 
|  50|0x0000000083200000, 0x0000000083200000, 0x0000000083300000|  0%| F|  |TAMS 0x0000000083200000, 0x0000000083200000| Untracked 
|  51|0x0000000083300000, 0x0000000083300000, 0x0000000083400000|  0%| F|  |TAMS 0x0000000083300000, 0x0000000083300000| Untracked 
|  52|0x0000000083400000, 0x0000000083400000, 0x0000000083500000|  0%| F|  |TAMS 0x0000000083400000, 0x0000000083400000| Untracked 
|  53|0x0000000083500000, 0x0000000083500000, 0x0000000083600000|  0%| F|  |TAMS 0x0000000083500000, 0x0000000083500000| Untracked 
|  54|0x0000000083600000, 0x0000000083600000, 0x0000000083700000|  0%| F|  |TAMS 0x0000000083600000, 0x0000000083600000| Untracked 
|  55|0x0000000083700000, 0x0000000083700000, 0x0000000083800000|  0%| F|  |TAMS 0x0000000083700000, 0x0000000083700000| Untracked 
|  56|0x0000000083800000, 0x0000000083800000, 0x0000000083900000|  0%| F|  |TAMS 0x0000000083800000, 0x0000000083800000| Untracked 
|  57|0x0000000083900000, 0x0000000083900000, 0x0000000083a00000|  0%| F|  |TAMS 0x0000000083900000, 0x0000000083900000| Untracked 
|  58|0x0000000083a00000, 0x0000000083a00000, 0x0000000083b00000|  0%| F|  |TAMS 0x0000000083a00000, 0x0000000083a00000| Untracked 
|  59|0x0000000083b00000, 0x0000000083b00000, 0x0000000083c00000|  0%| F|  |TAMS 0x0000000083b00000, 0x0000000083b00000| Untracked 
|  60|0x0000000083c00000, 0x0000000083c00000, 0x0000000083d00000|  0%| F|  |TAMS 0x0000000083c00000, 0x0000000083c00000| Untracked 
|  61|0x0000000083d00000, 0x0000000083d00000, 0x0000000083e00000|  0%| F|  |TAMS 0x0000000083d00000, 0x0000000083d00000| Untracked 
|  62|0x0000000083e00000, 0x0000000083e00000, 0x0000000083f00000|  0%| F|  |TAMS 0x0000000083e00000, 0x0000000083e00000| Untracked 
|  63|0x0000000083f00000, 0x0000000083f00000, 0x0000000084000000|  0%| F|  |TAMS 0x0000000083f00000, 0x0000000083f00000| Untracked 
|  64|0x0000000084000000, 0x0000000084000000, 0x0000000084100000|  0%| F|  |TAMS 0x0000000084000000, 0x0000000084000000| Untracked 
|  65|0x0000000084100000, 0x0000000084100000, 0x0000000084200000|  0%| F|  |TAMS 0x0000000084100000, 0x0000000084100000| Untracked 
|  66|0x0000000084200000, 0x0000000084200000, 0x0000000084300000|  0%| F|  |TAMS 0x0000000084200000, 0x0000000084200000| Untracked 
|  67|0x0000000084300000, 0x0000000084300000, 0x0000000084400000|  0%| F|  |TAMS 0x0000000084300000, 0x0000000084300000| Untracked 
|  68|0x0000000084400000, 0x0000000084400000, 0x0000000084500000|  0%| F|  |TAMS 0x0000000084400000, 0x0000000084400000| Untracked 
|  69|0x0000000084500000, 0x0000000084500000, 0x0000000084600000|  0%| F|  |TAMS 0x0000000084500000, 0x0000000084500000| Untracked 
|  70|0x0000000084600000, 0x0000000084600000, 0x0000000084700000|  0%| F|  |TAMS 0x0000000084600000, 0x0000000084600000| Untracked 
|  71|0x0000000084700000, 0x0000000084700000, 0x0000000084800000|  0%| F|  |TAMS 0x0000000084700000, 0x0000000084700000| Untracked 
|  72|0x0000000084800000, 0x0000000084800000, 0x0000000084900000|  0%| F|  |TAMS 0x0000000084800000, 0x0000000084800000| Untracked 
|  73|0x0000000084900000, 0x0000000084900000, 0x0000000084a00000|  0%| F|  |TAMS 0x0000000084900000, 0x0000000084900000| Untracked 
|  74|0x0000000084a00000, 0x0000000084a00000, 0x0000000084b00000|  0%| F|  |TAMS 0x0000000084a00000, 0x0000000084a00000| Untracked 
|  75|0x0000000084b00000, 0x0000000084b00000, 0x0000000084c00000|  0%| F|  |TAMS 0x0000000084b00000, 0x0000000084b00000| Untracked 
|  76|0x0000000084c00000, 0x0000000084c00000, 0x0000000084d00000|  0%| F|  |TAMS 0x0000000084c00000, 0x0000000084c00000| Untracked 
|  77|0x0000000084d00000, 0x0000000084d00000, 0x0000000084e00000|  0%| F|  |TAMS 0x0000000084d00000, 0x0000000084d00000| Untracked 
|  78|0x0000000084e00000, 0x0000000084e00000, 0x0000000084f00000|  0%| F|  |TAMS 0x0000000084e00000, 0x0000000084e00000| Untracked 
|  79|0x0000000084f00000, 0x0000000084f00000, 0x0000000085000000|  0%| F|  |TAMS 0x0000000084f00000, 0x0000000084f00000| Untracked 
|  80|0x0000000085000000, 0x0000000085000000, 0x0000000085100000|  0%| F|  |TAMS 0x0000000085000000, 0x0000000085000000| Untracked 
|  81|0x0000000085100000, 0x0000000085100000, 0x0000000085200000|  0%| F|  |TAMS 0x0000000085100000, 0x0000000085100000| Untracked 
|  82|0x0000000085200000, 0x0000000085200000, 0x0000000085300000|  0%| F|  |TAMS 0x0000000085200000, 0x0000000085200000| Untracked 
|  83|0x0000000085300000, 0x0000000085300000, 0x0000000085400000|  0%| F|  |TAMS 0x0000000085300000, 0x0000000085300000| Untracked 
|  84|0x0000000085400000, 0x0000000085400000, 0x0000000085500000|  0%| F|  |TAMS 0x0000000085400000, 0x0000000085400000| Untracked 
|  85|0x0000000085500000, 0x0000000085500000, 0x0000000085600000|  0%| F|  |TAMS 0x0000000085500000, 0x0000000085500000| Untracked 
|  86|0x0000000085600000, 0x0000000085600000, 0x0000000085700000|  0%| F|  |TAMS 0x0000000085600000, 0x0000000085600000| Untracked 
|  87|0x0000000085700000, 0x0000000085700000, 0x0000000085800000|  0%| F|  |TAMS 0x0000000085700000, 0x0000000085700000| Untracked 
|  88|0x0000000085800000, 0x0000000085800000, 0x0000000085900000|  0%| F|  |TAMS 0x0000000085800000, 0x0000000085800000| Untracked 
|  89|0x0000000085900000, 0x0000000085900000, 0x0000000085a00000|  0%| F|  |TAMS 0x0000000085900000, 0x0000000085900000| Untracked 
|  90|0x0000000085a00000, 0x0000000085a00000, 0x0000000085b00000|  0%| F|  |TAMS 0x0000000085a00000, 0x0000000085a00000| Untracked 
|  91|0x0000000085b00000, 0x0000000085b00000, 0x0000000085c00000|  0%| F|  |TAMS 0x0000000085b00000, 0x0000000085b00000| Untracked 
|  92|0x0000000085c00000, 0x0000000085c00000, 0x0000000085d00000|  0%| F|  |TAMS 0x0000000085c00000, 0x0000000085c00000| Untracked 
|  93|0x0000000085d00000, 0x0000000085d00000, 0x0000000085e00000|  0%| F|  |TAMS 0x0000000085d00000, 0x0000000085d00000| Untracked 
|  94|0x0000000085e00000, 0x0000000085e00000, 0x0000000085f00000|  0%| F|  |TAMS 0x0000000085e00000, 0x0000000085e00000| Untracked 
|  95|0x0000000085f00000, 0x0000000085f00000, 0x0000000086000000|  0%| F|  |TAMS 0x0000000085f00000, 0x0000000085f00000| Untracked 
|  96|0x0000000086000000, 0x0000000086000000, 0x0000000086100000|  0%| F|  |TAMS 0x0000000086000000, 0x0000000086000000| Untracked 
|  97|0x0000000086100000, 0x0000000086100000, 0x0000000086200000|  0%| F|  |TAMS 0x0000000086100000, 0x0000000086100000| Untracked 
|  98|0x0000000086200000, 0x0000000086200000, 0x0000000086300000|  0%| F|  |TAMS 0x0000000086200000, 0x0000000086200000| Untracked 
|  99|0x0000000086300000, 0x0000000086300000, 0x0000000086400000|  0%| F|  |TAMS 0x0000000086300000, 0x0000000086300000| Untracked 
| 100|0x0000000086400000, 0x0000000086400000, 0x0000000086500000|  0%| F|  |TAMS 0x0000000086400000, 0x0000000086400000| Untracked 
| 101|0x0000000086500000, 0x0000000086500000, 0x0000000086600000|  0%| F|  |TAMS 0x0000000086500000, 0x0000000086500000| Untracked 
| 102|0x0000000086600000, 0x0000000086600000, 0x0000000086700000|  0%| F|  |TAMS 0x0000000086600000, 0x0000000086600000| Untracked 
| 103|0x0000000086700000, 0x0000000086700000, 0x0000000086800000|  0%| F|  |TAMS 0x0000000086700000, 0x0000000086700000| Untracked 
| 104|0x0000000086800000, 0x0000000086800000, 0x0000000086900000|  0%| F|  |TAMS 0x0000000086800000, 0x0000000086800000| Untracked 
| 105|0x0000000086900000, 0x0000000086900000, 0x0000000086a00000|  0%| F|  |TAMS 0x0000000086900000, 0x0000000086900000| Untracked 
| 106|0x0000000086a00000, 0x0000000086a00000, 0x0000000086b00000|  0%| F|  |TAMS 0x0000000086a00000, 0x0000000086a00000| Untracked 
| 107|0x0000000086b00000, 0x0000000086b00000, 0x0000000086c00000|  0%| F|  |TAMS 0x0000000086b00000, 0x0000000086b00000| Untracked 
| 108|0x0000000086c00000, 0x0000000086c00000, 0x0000000086d00000|  0%| F|  |TAMS 0x0000000086c00000, 0x0000000086c00000| Untracked 
| 109|0x0000000086d00000, 0x0000000086d00000, 0x0000000086e00000|  0%| F|  |TAMS 0x0000000086d00000, 0x0000000086d00000| Untracked 
| 110|0x0000000086e00000, 0x0000000086e00000, 0x0000000086f00000|  0%| F|  |TAMS 0x0000000086e00000, 0x0000000086e00000| Untracked 
| 111|0x0000000086f00000, 0x0000000086f00000, 0x0000000087000000|  0%| F|  |TAMS 0x0000000086f00000, 0x0000000086f00000| Untracked 
| 112|0x0000000087000000, 0x0000000087000000, 0x0000000087100000|  0%| F|  |TAMS 0x0000000087000000, 0x0000000087000000| Untracked 
| 113|0x0000000087100000, 0x0000000087100000, 0x0000000087200000|  0%| F|  |TAMS 0x0000000087100000, 0x0000000087100000| Untracked 
| 114|0x0000000087200000, 0x0000000087200000, 0x0000000087300000|  0%| F|  |TAMS 0x0000000087200000, 0x0000000087200000| Untracked 
| 115|0x0000000087300000, 0x0000000087300000, 0x0000000087400000|  0%| F|  |TAMS 0x0000000087300000, 0x0000000087300000| Untracked 
| 116|0x0000000087400000, 0x0000000087400000, 0x0000000087500000|  0%| F|  |TAMS 0x0000000087400000, 0x0000000087400000| Untracked 
| 117|0x0000000087500000, 0x0000000087500000, 0x0000000087600000|  0%| F|  |TAMS 0x0000000087500000, 0x0000000087500000| Untracked 
| 118|0x0000000087600000, 0x0000000087600000, 0x0000000087700000|  0%| F|  |TAMS 0x0000000087600000, 0x0000000087600000| Untracked 
| 119|0x0000000087700000, 0x0000000087700000, 0x0000000087800000|  0%| F|  |TAMS 0x0000000087700000, 0x0000000087700000| Untracked 
| 120|0x0000000087800000, 0x0000000087800000, 0x0000000087900000|  0%| F|  |TAMS 0x0000000087800000, 0x0000000087800000| Untracked 
| 121|0x0000000087900000, 0x0000000087900000, 0x0000000087a00000|  0%| F|  |TAMS 0x0000000087900000, 0x0000000087900000| Untracked 
| 122|0x0000000087a00000, 0x0000000087a00000, 0x0000000087b00000|  0%| F|  |TAMS 0x0000000087a00000, 0x0000000087a00000| Untracked 
| 123|0x0000000087b00000, 0x0000000087b00000, 0x0000000087c00000|  0%| F|  |TAMS 0x0000000087b00000, 0x0000000087b00000| Untracked 
| 124|0x0000000087c00000, 0x0000000087c00000, 0x0000000087d00000|  0%| F|  |TAMS 0x0000000087c00000, 0x0000000087c00000| Untracked 
| 125|0x0000000087d00000, 0x0000000087d00000, 0x0000000087e00000|  0%| F|  |TAMS 0x0000000087d00000, 0x0000000087d00000| Untracked 
| 126|0x0000000087e00000, 0x0000000087e00000, 0x0000000087f00000|  0%| F|  |TAMS 0x0000000087e00000, 0x0000000087e00000| Untracked 
| 127|0x0000000087f00000, 0x0000000087f00000, 0x0000000088000000|  0%| F|  |TAMS 0x0000000087f00000, 0x0000000087f00000| Untracked 
| 128|0x0000000088000000, 0x0000000088000000, 0x0000000088100000|  0%| F|  |TAMS 0x0000000088000000, 0x0000000088000000| Untracked 
| 129|0x0000000088100000, 0x0000000088100000, 0x0000000088200000|  0%| F|  |TAMS 0x0000000088100000, 0x0000000088100000| Untracked 
| 130|0x0000000088200000, 0x0000000088200000, 0x0000000088300000|  0%| F|  |TAMS 0x0000000088200000, 0x0000000088200000| Untracked 
| 131|0x0000000088300000, 0x0000000088300000, 0x0000000088400000|  0%| F|  |TAMS 0x0000000088300000, 0x0000000088300000| Untracked 
| 132|0x0000000088400000, 0x0000000088400000, 0x0000000088500000|  0%| F|  |TAMS 0x0000000088400000, 0x0000000088400000| Untracked 
| 133|0x0000000088500000, 0x0000000088500000, 0x0000000088600000|  0%| F|  |TAMS 0x0000000088500000, 0x0000000088500000| Untracked 
| 134|0x0000000088600000, 0x0000000088600000, 0x0000000088700000|  0%| F|  |TAMS 0x0000000088600000, 0x0000000088600000| Untracked 
| 135|0x0000000088700000, 0x0000000088700000, 0x0000000088800000|  0%| F|  |TAMS 0x0000000088700000, 0x0000000088700000| Untracked 
| 136|0x0000000088800000, 0x0000000088800000, 0x0000000088900000|  0%| F|  |TAMS 0x0000000088800000, 0x0000000088800000| Untracked 
| 137|0x0000000088900000, 0x0000000088900000, 0x0000000088a00000|  0%| F|  |TAMS 0x0000000088900000, 0x0000000088900000| Untracked 
| 138|0x0000000088a00000, 0x0000000088a00000, 0x0000000088b00000|  0%| F|  |TAMS 0x0000000088a00000, 0x0000000088a00000| Untracked 
| 139|0x0000000088b00000, 0x0000000088b00000, 0x0000000088c00000|  0%| F|  |TAMS 0x0000000088b00000, 0x0000000088b00000| Untracked 
| 140|0x0000000088c00000, 0x0000000088c00000, 0x0000000088d00000|  0%| F|  |TAMS 0x0000000088c00000, 0x0000000088c00000| Untracked 
| 141|0x0000000088d00000, 0x0000000088d00000, 0x0000000088e00000|  0%| F|  |TAMS 0x0000000088d00000, 0x0000000088d00000| Untracked 
| 142|0x0000000088e00000, 0x0000000088e00000, 0x0000000088f00000|  0%| F|  |TAMS 0x0000000088e00000, 0x0000000088e00000| Untracked 
| 143|0x0000000088f00000, 0x0000000088f00000, 0x0000000089000000|  0%| F|  |TAMS 0x0000000088f00000, 0x0000000088f00000| Untracked 
| 144|0x0000000089000000, 0x0000000089000000, 0x0000000089100000|  0%| F|  |TAMS 0x0000000089000000, 0x0000000089000000| Untracked 
| 145|0x0000000089100000, 0x0000000089100000, 0x0000000089200000|  0%| F|  |TAMS 0x0000000089100000, 0x0000000089100000| Untracked 
| 146|0x0000000089200000, 0x0000000089200000, 0x0000000089300000|  0%| F|  |TAMS 0x0000000089200000, 0x0000000089200000| Untracked 
| 147|0x0000000089300000, 0x0000000089300000, 0x0000000089400000|  0%| F|  |TAMS 0x0000000089300000, 0x0000000089300000| Untracked 
| 148|0x0000000089400000, 0x0000000089400000, 0x0000000089500000|  0%| F|  |TAMS 0x0000000089400000, 0x0000000089400000| Untracked 
| 149|0x0000000089500000, 0x0000000089500000, 0x0000000089600000|  0%| F|  |TAMS 0x0000000089500000, 0x0000000089500000| Untracked 
| 150|0x0000000089600000, 0x0000000089600000, 0x0000000089700000|  0%| F|  |TAMS 0x0000000089600000, 0x0000000089600000| Untracked 
| 151|0x0000000089700000, 0x0000000089700000, 0x0000000089800000|  0%| F|  |TAMS 0x0000000089700000, 0x0000000089700000| Untracked 
| 152|0x0000000089800000, 0x0000000089800000, 0x0000000089900000|  0%| F|  |TAMS 0x0000000089800000, 0x0000000089800000| Untracked 
| 153|0x0000000089900000, 0x0000000089900000, 0x0000000089a00000|  0%| F|  |TAMS 0x0000000089900000, 0x0000000089900000| Untracked 
| 154|0x0000000089a00000, 0x0000000089a00000, 0x0000000089b00000|  0%| F|  |TAMS 0x0000000089a00000, 0x0000000089a00000| Untracked 
| 155|0x0000000089b00000, 0x0000000089b00000, 0x0000000089c00000|  0%| F|  |TAMS 0x0000000089b00000, 0x0000000089b00000| Untracked 
| 156|0x0000000089c00000, 0x0000000089c00000, 0x0000000089d00000|  0%| F|  |TAMS 0x0000000089c00000, 0x0000000089c00000| Untracked 
| 157|0x0000000089d00000, 0x0000000089d00000, 0x0000000089e00000|  0%| F|  |TAMS 0x0000000089d00000, 0x0000000089d00000| Untracked 
| 158|0x0000000089e00000, 0x0000000089e00000, 0x0000000089f00000|  0%| F|  |TAMS 0x0000000089e00000, 0x0000000089e00000| Untracked 
| 159|0x0000000089f00000, 0x0000000089f00000, 0x000000008a000000|  0%| F|  |TAMS 0x0000000089f00000, 0x0000000089f00000| Untracked 
| 160|0x000000008a000000, 0x000000008a000000, 0x000000008a100000|  0%| F|  |TAMS 0x000000008a000000, 0x000000008a000000| Untracked 
| 161|0x000000008a100000, 0x000000008a100000, 0x000000008a200000|  0%| F|  |TAMS 0x000000008a100000, 0x000000008a100000| Untracked 
| 162|0x000000008a200000, 0x000000008a200000, 0x000000008a300000|  0%| F|  |TAMS 0x000000008a200000, 0x000000008a200000| Untracked 
| 163|0x000000008a300000, 0x000000008a300000, 0x000000008a400000|  0%| F|  |TAMS 0x000000008a300000, 0x000000008a300000| Untracked 
| 164|0x000000008a400000, 0x000000008a400000, 0x000000008a500000|  0%| F|  |TAMS 0x000000008a400000, 0x000000008a400000| Untracked 
| 165|0x000000008a500000, 0x000000008a500000, 0x000000008a600000|  0%| F|  |TAMS 0x000000008a500000, 0x000000008a500000| Untracked 
| 166|0x000000008a600000, 0x000000008a600000, 0x000000008a700000|  0%| F|  |TAMS 0x000000008a600000, 0x000000008a600000| Untracked 
| 167|0x000000008a700000, 0x000000008a700000, 0x000000008a800000|  0%| F|  |TAMS 0x000000008a700000, 0x000000008a700000| Untracked 
| 168|0x000000008a800000, 0x000000008a800000, 0x000000008a900000|  0%| F|  |TAMS 0x000000008a800000, 0x000000008a800000| Untracked 
| 169|0x000000008a900000, 0x000000008a900000, 0x000000008aa00000|  0%| F|  |TAMS 0x000000008a900000, 0x000000008a900000| Untracked 
| 170|0x000000008aa00000, 0x000000008aa00000, 0x000000008ab00000|  0%| F|  |TAMS 0x000000008aa00000, 0x000000008aa00000| Untracked 
| 171|0x000000008ab00000, 0x000000008ab00000, 0x000000008ac00000|  0%| F|  |TAMS 0x000000008ab00000, 0x000000008ab00000| Untracked 
| 172|0x000000008ac00000, 0x000000008ac00000, 0x000000008ad00000|  0%| F|  |TAMS 0x000000008ac00000, 0x000000008ac00000| Untracked 
| 173|0x000000008ad00000, 0x000000008ad00000, 0x000000008ae00000|  0%| F|  |TAMS 0x000000008ad00000, 0x000000008ad00000| Untracked 
| 174|0x000000008ae00000, 0x000000008ae00000, 0x000000008af00000|  0%| F|  |TAMS 0x000000008ae00000, 0x000000008ae00000| Untracked 
| 175|0x000000008af00000, 0x000000008af00000, 0x000000008b000000|  0%| F|  |TAMS 0x000000008af00000, 0x000000008af00000| Untracked 
| 176|0x000000008b000000, 0x000000008b000000, 0x000000008b100000|  0%| F|  |TAMS 0x000000008b000000, 0x000000008b000000| Untracked 
| 177|0x000000008b100000, 0x000000008b100000, 0x000000008b200000|  0%| F|  |TAMS 0x000000008b100000, 0x000000008b100000| Untracked 
| 178|0x000000008b200000, 0x000000008b200000, 0x000000008b300000|  0%| F|  |TAMS 0x000000008b200000, 0x000000008b200000| Untracked 
| 179|0x000000008b300000, 0x000000008b380800, 0x000000008b400000| 50%| E|  |TAMS 0x000000008b300000, 0x000000008b300000| Complete 
| 180|0x000000008b400000, 0x000000008b500000, 0x000000008b500000|100%| E|CS|TAMS 0x000000008b400000, 0x000000008b400000| Complete 
| 181|0x000000008b500000, 0x000000008b600000, 0x000000008b600000|100%| E|CS|TAMS 0x000000008b500000, 0x000000008b500000| Complete 
| 182|0x000000008b600000, 0x000000008b700000, 0x000000008b700000|100%| E|CS|TAMS 0x000000008b600000, 0x000000008b600000| Complete 
| 183|0x000000008b700000, 0x000000008b800000, 0x000000008b800000|100%| E|CS|TAMS 0x000000008b700000, 0x000000008b700000| Complete 
| 184|0x000000008b800000, 0x000000008b900000, 0x000000008b900000|100%| E|CS|TAMS 0x000000008b800000, 0x000000008b800000| Complete 
| 185|0x000000008b900000, 0x000000008ba00000, 0x000000008ba00000|100%| E|CS|TAMS 0x000000008b900000, 0x000000008b900000| Complete 
| 186|0x000000008ba00000, 0x000000008bb00000, 0x000000008bb00000|100%| S|CS|TAMS 0x000000008ba00000, 0x000000008ba00000| Complete 
| 187|0x000000008bb00000, 0x000000008bc00000, 0x000000008bc00000|100%| S|CS|TAMS 0x000000008bb00000, 0x000000008bb00000| Complete 
| 188|0x000000008bc00000, 0x000000008bd00000, 0x000000008bd00000|100%| S|CS|TAMS 0x000000008bc00000, 0x000000008bc00000| Complete 
| 189|0x000000008bd00000, 0x000000008be00000, 0x000000008be00000|100%| S|CS|TAMS 0x000000008bd00000, 0x000000008bd00000| Complete 
| 190|0x000000008be00000, 0x000000008bf00000, 0x000000008bf00000|100%| E|CS|TAMS 0x000000008be00000, 0x000000008be00000| Complete 
| 191|0x000000008bf00000, 0x000000008c000000, 0x000000008c000000|100%| E|CS|TAMS 0x000000008bf00000, 0x000000008bf00000| Complete 
| 192|0x000000008c000000, 0x000000008c100000, 0x000000008c100000|100%| E|CS|TAMS 0x000000008c000000, 0x000000008c000000| Complete 
| 193|0x000000008c100000, 0x000000008c200000, 0x000000008c200000|100%| E|CS|TAMS 0x000000008c100000, 0x000000008c100000| Complete 
| 194|0x000000008c200000, 0x000000008c300000, 0x000000008c300000|100%| E|CS|TAMS 0x000000008c200000, 0x000000008c200000| Complete 
| 195|0x000000008c300000, 0x000000008c400000, 0x000000008c400000|100%| E|CS|TAMS 0x000000008c300000, 0x000000008c300000| Complete 
| 196|0x000000008c400000, 0x000000008c500000, 0x000000008c500000|100%| E|CS|TAMS 0x000000008c400000, 0x000000008c400000| Complete 
| 197|0x000000008c500000, 0x000000008c600000, 0x000000008c600000|100%| E|CS|TAMS 0x000000008c500000, 0x000000008c500000| Complete 
| 198|0x000000008c600000, 0x000000008c700000, 0x000000008c700000|100%| E|CS|TAMS 0x000000008c600000, 0x000000008c600000| Complete 
| 199|0x000000008c700000, 0x000000008c800000, 0x000000008c800000|100%| E|CS|TAMS 0x000000008c700000, 0x000000008c700000| Complete 
| 200|0x000000008c800000, 0x000000008c900000, 0x000000008c900000|100%| E|CS|TAMS 0x000000008c800000, 0x000000008c800000| Complete 
| 201|0x000000008c900000, 0x000000008ca00000, 0x000000008ca00000|100%| E|CS|TAMS 0x000000008c900000, 0x000000008c900000| Complete 
| 202|0x000000008ca00000, 0x000000008cb00000, 0x000000008cb00000|100%| E|CS|TAMS 0x000000008ca00000, 0x000000008ca00000| Complete 
| 203|0x000000008cb00000, 0x000000008cc00000, 0x000000008cc00000|100%| E|CS|TAMS 0x000000008cb00000, 0x000000008cb00000| Complete 
| 204|0x000000008cc00000, 0x000000008cd00000, 0x000000008cd00000|100%| E|CS|TAMS 0x000000008cc00000, 0x000000008cc00000| Complete 
| 205|0x000000008cd00000, 0x000000008ce00000, 0x000000008ce00000|100%| E|CS|TAMS 0x000000008cd00000, 0x000000008cd00000| Complete 
| 206|0x000000008ce00000, 0x000000008cf00000, 0x000000008cf00000|100%| E|CS|TAMS 0x000000008ce00000, 0x000000008ce00000| Complete 
| 207|0x000000008cf00000, 0x000000008d000000, 0x000000008d000000|100%| E|CS|TAMS 0x000000008cf00000, 0x000000008cf00000| Complete 
| 208|0x000000008d000000, 0x000000008d100000, 0x000000008d100000|100%| E|CS|TAMS 0x000000008d000000, 0x000000008d000000| Complete 
| 209|0x000000008d100000, 0x000000008d200000, 0x000000008d200000|100%| E|CS|TAMS 0x000000008d100000, 0x000000008d100000| Complete 
| 210|0x000000008d200000, 0x000000008d300000, 0x000000008d300000|100%| E|CS|TAMS 0x000000008d200000, 0x000000008d200000| Complete 
| 211|0x000000008d300000, 0x000000008d400000, 0x000000008d400000|100%| E|CS|TAMS 0x000000008d300000, 0x000000008d300000| Complete 
| 212|0x000000008d400000, 0x000000008d500000, 0x000000008d500000|100%| E|CS|TAMS 0x000000008d400000, 0x000000008d400000| Complete 
| 213|0x000000008d500000, 0x000000008d600000, 0x000000008d600000|100%| E|CS|TAMS 0x000000008d500000, 0x000000008d500000| Complete 
| 214|0x000000008d600000, 0x000000008d700000, 0x000000008d700000|100%| E|CS|TAMS 0x000000008d600000, 0x000000008d600000| Complete 
| 215|0x000000008d700000, 0x000000008d800000, 0x000000008d800000|100%| E|CS|TAMS 0x000000008d700000, 0x000000008d700000| Complete 
| 216|0x000000008d800000, 0x000000008d900000, 0x000000008d900000|100%| E|CS|TAMS 0x000000008d800000, 0x000000008d800000| Complete 
| 217|0x000000008d900000, 0x000000008da00000, 0x000000008da00000|100%| E|CS|TAMS 0x000000008d900000, 0x000000008d900000| Complete 
| 218|0x000000008da00000, 0x000000008db00000, 0x000000008db00000|100%| E|CS|TAMS 0x000000008da00000, 0x000000008da00000| Complete 
| 219|0x000000008db00000, 0x000000008dc00000, 0x000000008dc00000|100%| E|CS|TAMS 0x000000008db00000, 0x000000008db00000| Complete 
| 220|0x000000008dc00000, 0x000000008dd00000, 0x000000008dd00000|100%| E|CS|TAMS 0x000000008dc00000, 0x000000008dc00000| Complete 
| 221|0x000000008dd00000, 0x000000008de00000, 0x000000008de00000|100%| E|CS|TAMS 0x000000008dd00000, 0x000000008dd00000| Complete 

Card table byte_map: [0x000002c472bd0000,0x000002c472fd0000] _byte_map_base: 0x000002c4727d0000

Marking Bits (Prev, Next): (CMBitMap*) 0x000002c46a682d90, (CMBitMap*) 0x000002c46a682dd0
 Prev Bits: [0x000002c4733d0000, 0x000002c4753d0000)
 Next Bits: [0x000002c4753d0000, 0x000002c4773d0000)

Polling page: 0x000002c469de0000

Metaspace:

Usage:
  Non-class:     10.40 MB used.
      Class:      1.65 MB used.
       Both:     12.05 MB used.

Virtual space:
  Non-class space:       64.00 MB reserved,      10.62 MB ( 17%) committed,  1 nodes.
      Class space:        1.00 GB reserved,       1.81 MB ( <1%) committed,  1 nodes.
             Both:        1.06 GB reserved,      12.44 MB (  1%) committed. 

Chunk freelists:
   Non-Class:  1.41 MB
       Class:  2.11 MB
        Both:  3.51 MB

MaxMetaspaceSize: unlimited
CompressedClassSpaceSize: 1.00 GB
Initial GC threshold: 21.00 MB
Current GC threshold: 21.00 MB
CDS: on
MetaspaceReclaimPolicy: balanced
 - commit_granule_bytes: 65536.
 - commit_granule_words: 8192.
 - virtual_space_node_default_size: 8388608.
 - enlarge_chunks_in_place: 1.
 - new_chunks_are_fully_committed: 0.
 - uncommit_free_chunks: 1.
 - use_allocation_guard: 0.


Internal statistics:

num_allocs_failed_limit: 0.
num_arena_births: 390.
num_arena_deaths: 0.
num_vsnodes_births: 2.
num_vsnodes_deaths: 0.
num_space_committed: 199.
num_space_uncommitted: 0.
num_chunks_returned_to_freelist: 0.
num_chunks_taken_from_freelist: 778.
num_chunk_merges: 0.
num_chunk_splits: 511.
num_chunks_enlarged: 362.
num_inconsistent_stats: 0.

CodeHeap 'non-profiled nmethods': size=119168Kb used=932Kb max_used=932Kb free=118235Kb
 bounds [0x000002c407ba0000, 0x000002c407e10000, 0x000002c40f000000]
CodeHeap 'profiled nmethods': size=119104Kb used=4806Kb max_used=4806Kb free=114297Kb
 bounds [0x000002c400750000, 0x000002c400c10000, 0x000002c407ba0000]
CodeHeap 'non-nmethods': size=7488Kb used=2912Kb max_used=2929Kb free=4575Kb
 bounds [0x000002c400000000, 0x000002c4002e0000, 0x000002c400750000]
 total_blobs=2827 nmethods=2309 adapters=427
 compilation: enabled
              stopped_count=0, restarted_count=0
 full_count=0

Compilation events (20 events):
Event: 1.777 Thread 0x000002c47e808090 nmethod 2258 0x000002c400be8290 code [0x000002c400be8540, 0x000002c400be9208]
Event: 1.777 Thread 0x000002c40f48f010 2267       3       java.util.ArrayList::contains (14 bytes)
Event: 1.777 Thread 0x000002c47e9481a0 nmethod 2265 0x000002c400be9e90 code [0x000002c400bea040, 0x000002c400bea208]
Event: 1.777 Thread 0x000002c47e808090 2268       3       java.util.ArrayList::indexOf (11 bytes)
Event: 1.777 Thread 0x000002c47e9481a0 2261       3       java.util.LinkedList::checkPositionIndex (22 bytes)
Event: 1.777 Thread 0x000002c47e808090 nmethod 2268 0x000002c400bea310 code [0x000002c400bea4c0, 0x000002c400bea608]
Event: 1.778 Thread 0x000002c40f48f010 nmethod 2267 0x000002c400bea690 code [0x000002c400bea840, 0x000002c400beaa68]
Event: 1.778 Thread 0x000002c47e808090 2262       3       java.util.LinkedList::isPositionIndex (18 bytes)
Event: 1.778 Thread 0x000002c47a45bb30 nmethod 2266 0x000002c407c84410 code [0x000002c407c84580, 0x000002c407c84618]
Event: 1.778 Thread 0x000002c47e808090 nmethod 2262 0x000002c400bec490 code [0x000002c400bec620, 0x000002c400bec7b8]
Event: 1.778 Thread 0x000002c47a45bb30 2269       4       java.lang.Object::equals (11 bytes)
Event: 1.778 Thread 0x000002c47e9083b0 nmethod 2263 0x000002c400beab90 code [0x000002c400beae40, 0x000002c400bebf78]
Event: 1.778 Thread 0x000002c47e9481a0 nmethod 2261 0x000002c400bec890 code [0x000002c400becae0, 0x000002c400bed248]
Event: 1.778 Thread 0x000002c47a45bb30 nmethod 2269 0x000002c407c84710 code [0x000002c407c84880, 0x000002c407c84918]
Event: 1.779 Thread 0x000002c47e9083b0 2270       1       java.util.LinkedList::size (5 bytes)
Event: 1.779 Thread 0x000002c47e9083b0 nmethod 2270 0x000002c407c84a10 code [0x000002c407c84ba0, 0x000002c407c84c78]
Event: 1.781 Thread 0x000002c47e9083b0 2271       3       org.gradle.internal.service.RelevantMethods::takesReturnTypeAsParameter (42 bytes)
Event: 1.781 Thread 0x000002c40f48f010 2272       3       org.gradle.internal.service.ReflectionBasedServiceMethod::<init> (16 bytes)
Event: 1.781 Thread 0x000002c47e9481a0 2273       3       org.gradle.internal.reflect.JavaMethod::of (10 bytes)
Event: 1.781 Thread 0x000002c47e808090 2274       3       org.gradle.internal.reflect.JavaMethod::<init> (20 bytes)

GC Heap History (4 events):
Event: 0.534 GC heap before
{Heap before GC invocations=0 (full 0):
 garbage-first heap   total 227328K, used 26624K [0x0000000080000000, 0x0000000100000000)
  region size 1024K, 23 young (23552K), 0 survivors (0K)
 Metaspace       used 3068K, committed 3200K, reserved 1114112K
  class space    used 374K, committed 448K, reserved 1048576K
}
Event: 0.539 GC heap after
{Heap after GC invocations=1 (full 0):
 garbage-first heap   total 227328K, used 10365K [0x0000000080000000, 0x0000000100000000)
  region size 1024K, 3 young (3072K), 3 survivors (3072K)
 Metaspace       used 3068K, committed 3200K, reserved 1114112K
  class space    used 374K, committed 448K, reserved 1048576K
}
Event: 0.866 GC heap before
{Heap before GC invocations=1 (full 0):
 garbage-first heap   total 227328K, used 40061K [0x0000000080000000, 0x0000000100000000)
  region size 1024K, 32 young (32768K), 3 survivors (3072K)
 Metaspace       used 4041K, committed 4224K, reserved 1114112K
  class space    used 477K, committed 576K, reserved 1048576K
}
Event: 0.869 GC heap after
{Heap after GC invocations=2 (full 0):
 garbage-first heap   total 227328K, used 14860K [0x0000000080000000, 0x0000000100000000)
  region size 1024K, 4 young (4096K), 4 survivors (4096K)
 Metaspace       used 4041K, committed 4224K, reserved 1114112K
  class space    used 477K, committed 576K, reserved 1048576K
}

Deoptimization events (20 events):
Event: 1.488 Thread 0x000002c40f56a8c0 Uncommon trap: trap_request=0xffffffc6 fr.pc=0x000002c407c0cc28 relative=0x0000000000000088
Event: 1.488 Thread 0x000002c40f56a8c0 Uncommon trap: reason=bimorphic_or_optimized_type_check action=maybe_recompile pc=0x000002c407c0cc28 method=java.util.AbstractList$Itr.hasNext()Z @ 8 c2
Event: 1.488 Thread 0x000002c40f56a8c0 DEOPT PACKING pc=0x000002c407c0cc28 sp=0x000000fce61fe940
Event: 1.488 Thread 0x000002c40f56a8c0 DEOPT UNPACKING pc=0x000002c4000523a3 sp=0x000000fce61fe8d8 mode 2
Event: 1.488 Thread 0x000002c40f56a8c0 Uncommon trap: trap_request=0xffffffc6 fr.pc=0x000002c407c0d038 relative=0x0000000000000118
Event: 1.488 Thread 0x000002c40f56a8c0 Uncommon trap: reason=bimorphic_or_optimized_type_check action=maybe_recompile pc=0x000002c407c0d038 method=java.util.AbstractList$Itr.next()Ljava/lang/Object; @ 14 c2
Event: 1.488 Thread 0x000002c40f56a8c0 DEOPT PACKING pc=0x000002c407c0d038 sp=0x000000fce61fe930
Event: 1.488 Thread 0x000002c40f56a8c0 DEOPT UNPACKING pc=0x000002c4000523a3 sp=0x000000fce61fe8c8 mode 2
Event: 1.493 Thread 0x000002c40f56a8c0 Uncommon trap: trap_request=0xffffff45 fr.pc=0x000002c407c5d5ac relative=0x000000000000016c
Event: 1.493 Thread 0x000002c40f56a8c0 Uncommon trap: reason=unstable_if action=reinterpret pc=0x000002c407c5d5ac method=java.lang.invoke.VarHandle.checkExactAccessMode(Ljava/lang/invoke/VarHandle$AccessDescriptor;)V @ 4 c2
Event: 1.493 Thread 0x000002c40f56a8c0 DEOPT PACKING pc=0x000002c407c5d5ac sp=0x000000fce61ff070
Event: 1.493 Thread 0x000002c40f56a8c0 DEOPT UNPACKING pc=0x000002c4000523a3 sp=0x000000fce61fefb0 mode 2
Event: 1.569 Thread 0x000002c4102811d0 Uncommon trap: trap_request=0xffffff45 fr.pc=0x000002c407c5a244 relative=0x0000000000001584
Event: 1.569 Thread 0x000002c4102811d0 Uncommon trap: reason=unstable_if action=reinterpret pc=0x000002c407c5a244 method=java.util.concurrent.ConcurrentHashMap.transfer([Ljava/util/concurrent/ConcurrentHashMap$Node;[Ljava/util/concurrent/ConcurrentHashMap$Node;)V @ 26 c2
Event: 1.569 Thread 0x000002c4102811d0 DEOPT PACKING pc=0x000002c407c5a244 sp=0x000000fce66fac70
Event: 1.569 Thread 0x000002c4102811d0 DEOPT UNPACKING pc=0x000002c4000523a3 sp=0x000000fce66fabe0 mode 2
Event: 1.658 Thread 0x000002c4102811d0 Uncommon trap: trap_request=0xffffff45 fr.pc=0x000002c407c382dc relative=0x000000000000023c
Event: 1.658 Thread 0x000002c4102811d0 Uncommon trap: reason=unstable_if action=reinterpret pc=0x000002c407c382dc method=java.util.concurrent.ConcurrentHashMap.get(Ljava/lang/Object;)Ljava/lang/Object; @ 76 c2
Event: 1.658 Thread 0x000002c4102811d0 DEOPT PACKING pc=0x000002c407c382dc sp=0x000000fce66fbd70
Event: 1.658 Thread 0x000002c4102811d0 DEOPT UNPACKING pc=0x000002c4000523a3 sp=0x000000fce66fbcd8 mode 2

Classes loaded (20 events):
Event: 1.656 Loading class java/lang/Deprecated
Event: 1.656 Loading class java/lang/Deprecated done
Event: 1.658 Loading class jdk/internal/vm/annotation/IntrinsicCandidate
Event: 1.658 Loading class jdk/internal/vm/annotation/IntrinsicCandidate done
Event: 1.659 Loading class java/util/stream/MatchOps$MatchKind
Event: 1.660 Loading class java/util/stream/MatchOps$MatchKind done
Event: 1.660 Loading class java/util/stream/MatchOps
Event: 1.660 Loading class java/util/stream/MatchOps done
Event: 1.660 Loading class java/util/stream/MatchOps$MatchOp
Event: 1.660 Loading class java/util/stream/MatchOps$MatchOp done
Event: 1.660 Loading class java/util/stream/MatchOps$BooleanTerminalSink
Event: 1.660 Loading class java/util/stream/MatchOps$BooleanTerminalSink done
Event: 1.661 Loading class java/util/stream/MatchOps$1MatchSink
Event: 1.661 Loading class java/util/stream/MatchOps$1MatchSink done
Event: 1.703 Loading class java/util/ConcurrentModificationException
Event: 1.703 Loading class java/util/ConcurrentModificationException done
Event: 1.721 Loading class sun/reflect/generics/scope/ConstructorScope
Event: 1.721 Loading class sun/reflect/generics/scope/ConstructorScope done
Event: 1.721 Loading class sun/reflect/generics/tree/VoidDescriptor
Event: 1.721 Loading class sun/reflect/generics/tree/VoidDescriptor done

Classes unloaded (0 events):
No events

Classes redefined (0 events):
No events

Internal exceptions (20 events):
Event: 1.031 Thread 0x000002c46a6205f0 Exception <a 'java/lang/NoSuchMethodError'{0x000000008d3809c8}: 'java.lang.Object java.lang.invoke.DirectMethodHandle$Holder.invokeInterface(java.lang.Object, java.lang.Object)'> (0x000000008d3809c8) 
thrown [s\open\src\hotspot\share\interpreter\linkResolver.cpp, line 766]
Event: 1.037 Thread 0x000002c46a6205f0 Exception <a 'java/lang/NoSuchMethodError'{0x000000008d3b3a60}: 'java.lang.Object java.lang.invoke.DirectMethodHandle$Holder.invokeVirtual(java.lang.Object, java.lang.Object, java.lang.Object, java.lang.Object, java.lang.Object)'> (0x000000008d3b3a60) 
thrown [s\open\src\hotspot\share\interpreter\linkResolver.cpp, line 766]
Event: 1.039 Thread 0x000002c46a6205f0 Exception <a 'java/lang/NoSuchMethodError'{0x000000008d3c7d28}: 'java.lang.Object java.lang.invoke.Invokers$Holder.invokeExact_MT(java.lang.Object, java.lang.Object, java.lang.Object, java.lang.Object, java.lang.Object, java.lang.Object)'> (0x000000008d3c7d28) 
thrown [s\open\src\hotspot\share\interpreter\linkResolver.cpp, line 766]
Event: 1.074 Thread 0x000002c46a6205f0 Exception <a 'java/lang/NoSuchMethodError'{0x000000008d19d7c0}: 'java.lang.Object java.lang.invoke.DirectMethodHandle$Holder.invokeVirtual(java.lang.Object, java.lang.Object, java.lang.Object, java.lang.Object, java.lang.Object, java.lang.Object)'> (0x000000008d19d7c0) 
thrown [s\open\src\hotspot\share\interpreter\linkResolver.cpp, line 766]
Event: 1.079 Thread 0x000002c46a6205f0 Exception <a 'java/lang/NoSuchMethodError'{0x000000008d1eddf0}: 'java.lang.Object java.lang.invoke.DirectMethodHandle$Holder.invokeVirtual(java.lang.Object, java.lang.Object, java.lang.Object, java.lang.Object, java.lang.Object, java.lang.Object, java.lang.Object, java.lang.Object)'> (0x000000008d1eddf0) 
thrown [s\open\src\hotspot\share\interpreter\linkResolver.cpp, line 766]
Event: 1.080 Thread 0x000002c46a6205f0 Exception <a 'java/lang/NoSuchMethodError'{0x000000008d1f3038}: 'java.lang.Object java.lang.invoke.DirectMethodHandle$Holder.invokeSpecial(java.lang.Object, java.lang.Object, java.lang.Object, java.lang.Object, java.lang.Object, java.lang.Object, java.lang.Object, java.lang.Object, java.lang.Object)'> (0x000000008d1f3038) 
thrown [s\open\src\hotspot\share\interpreter\linkResolver.cpp, line 766]
Event: 1.143 Thread 0x000002c46a6205f0 Exception <a 'java/lang/NoSuchMethodError'{0x000000008cedede0}: 'java.lang.Object java.lang.invoke.DirectMethodHandle$Holder.invokeStaticInit(java.lang.Object, int, int, int, int)'> (0x000000008cedede0) 
thrown [s\open\src\hotspot\share\interpreter\linkResolver.cpp, line 766]
Event: 1.188 Thread 0x000002c46a6205f0 Exception <a 'java/lang/NoSuchMethodError'{0x000000008cdaeb48}: 'java.lang.Object java.lang.invoke.DirectMethodHandle$Holder.invokeStaticInit(java.lang.Object, java.lang.Object, int, int, int, int)'> (0x000000008cdaeb48) 
thrown [s\open\src\hotspot\share\interpreter\linkResolver.cpp, line 766]
Event: 1.452 Thread 0x000002c46a6205f0 Exception <a 'java/lang/NoSuchMethodError'{0x000000008cba14c8}: 'void java.lang.invoke.DirectMethodHandle$Holder.invokeStatic(java.lang.Object, java.lang.Object, java.lang.Object)'> (0x000000008cba14c8) 
thrown [s\open\src\hotspot\share\interpreter\linkResolver.cpp, line 766]
Event: 1.469 Thread 0x000002c46a6205f0 Exception <a 'java/io/IOException'{0x000000008ca3f3e8}> (0x000000008ca3f3e8) 
thrown [s\open\src\hotspot\share\prims\jni.cpp, line 516]
Event: 1.565 Thread 0x000002c4102811d0 Exception <a 'java/lang/NoSuchMethodError'{0x000000008c556ea0}: 'long java.lang.invoke.DirectMethodHandle$Holder.invokeInterface(java.lang.Object, java.lang.Object)'> (0x000000008c556ea0) 
thrown [s\open\src\hotspot\share\interpreter\linkResolver.cpp, line 766]
Event: 1.624 Thread 0x000002c4102811d0 Exception <a 'java/lang/NoSuchMethodError'{0x000000008c11b5d8}: 'java.lang.Object java.lang.invoke.DirectMethodHandle$Holder.invokeVirtual(java.lang.Object, java.lang.Object, java.lang.Object, java.lang.Object, java.lang.Object, java.lang.Object, java.lang.Object, java.lang.Object, java.lang.Object, java.lang.Object, java.lang.Object, java.lang.Object)'> (0x000000008c11b5d8) 
thrown [s\open\src\hotspot\share\interpreter\linkResolver.cpp, line 766]
Event: 1.625 Thread 0x000002c4102811d0 Exception <a 'java/lang/NoSuchMethodError'{0x000000008c120d70}: 'java.lang.Object java.lang.invoke.DirectMethodHandle$Holder.invokeSpecial(java.lang.Object, java.lang.Object, java.lang.Object, java.lang.Object, java.lang.Object, java.lang.Object, java.lang.Object, java.lang.Object, java.lang.Object, java.lang.Object, java.lang.Object, java.lang.Object, java.lang.Object)'> (0x000000008c120d70) 
thrown [s\open\src\hotspot\share\interpreter\linkResolver.cpp, line 766]
Event: 1.653 Thread 0x000002c4102811d0 Exception <a 'java/lang/NoSuchMethodError'{0x000000008c06e020}: 'java.lang.Object java.lang.invoke.DirectMethodHandle$Holder.newInvokeSpecial(java.lang.Object, java.lang.Object, java.lang.Object, java.lang.Object, java.lang.Object)'> (0x000000008c06e020) 
thrown [s\open\src\hotspot\share\interpreter\linkResolver.cpp, line 766]
Event: 1.680 Thread 0x000002c4102811d0 Exception <a 'java/lang/NoSuchMethodError'{0x000000008bffc448}: 'void java.lang.invoke.DirectMethodHandle$Holder.invokeSpecial(java.lang.Object, java.lang.Object, java.lang.Object)'> (0x000000008bffc448) 
thrown [s\open\src\hotspot\share\interpreter\linkResolver.cpp, line 766]
Event: 1.691 Thread 0x000002c4102811d0 Exception <a 'java/lang/NoSuchMethodError'{0x000000008be743c0}: 'java.lang.Object java.lang.invoke.DirectMethodHandle$Holder.newInvokeSpecial(java.lang.Object, java.lang.Object, java.lang.Object, java.lang.Object, java.lang.Object, java.lang.Object)'> (0x000000008be743c0) 
thrown [s\open\src\hotspot\share\interpreter\linkResolver.cpp, line 766]
Event: 1.738 Thread 0x000002c4102811d0 Exception <a 'java/lang/NoSuchMethodError'{0x000000008b8cfaf8}: 'void java.lang.invoke.DelegatingMethodHandle$Holder.reinvoke_L(java.lang.Object, java.lang.Object, java.lang.Object, java.lang.Object, java.lang.Object, java.lang.Object, java.lang.Object, java.lang.Object, java.lang.Object, java.lang.Object, java.lang.Object)'> (0x000000008b8cfaf8) 
thrown [s\open\src\hotspot\share\interpreter\linkResolver.cpp, line 766]
Event: 1.738 Thread 0x000002c4102811d0 Exception <a 'java/lang/NoSuchMethodError'{0x000000008b8d83a8}: 'java.lang.Object java.lang.invoke.DirectMethodHandle$Holder.invokeSpecial(java.lang.Object, java.lang.Object, java.lang.Object, java.lang.Object, java.lang.Object, java.lang.Object, java.lang.Object, java.lang.Object, java.lang.Object, java.lang.Object, java.lang.Object)'> (0x000000008b8d83a8) 
thrown [s\open\src\hotspot\share\interpreter\linkResolver.cpp, line 766]
Event: 1.738 Thread 0x000002c4102811d0 Exception <a 'java/lang/NoSuchMethodError'{0x000000008b8dcae0}: 'java.lang.Object java.lang.invoke.Invokers$Holder.invoker(java.lang.Object, java.lang.Object, java.lang.Object, java.lang.Object, java.lang.Object, java.lang.Object, java.lang.Object, java.lang.Object, java.lang.Object, java.lang.Object, java.lang.Object)'> (0x000000008b8dcae0) 
thrown [s\open\src\hotspot\share\interpreter\linkResolver.cpp, line 766]
Event: 1.738 Thread 0x000002c4102811d0 Exception <a 'java/lang/NoSuchMethodError'{0x000000008b8e2318}: 'java.lang.Object java.lang.invoke.DirectMethodHandle$Holder.invokeSpecial(java.lang.Object, java.lang.Object, java.lang.Object, java.lang.Object, java.lang.Object, java.lang.Object, java.lang.Object, java.lang.Object, java.lang.Object, java.lang.Object, java.lang.Object, java.lang.Object)'> (0x000000008b8e2318) 
thrown [s\open\src\hotspot\share\interpreter\linkResolver.cpp, line 766]

VM Operations (20 events):
Event: 0.866 Executing VM operation: G1CollectForAllocation
Event: 0.869 Executing VM operation: G1CollectForAllocation done
Event: 0.976 Executing VM operation: HandshakeAllThreads
Event: 0.976 Executing VM operation: HandshakeAllThreads done
Event: 0.998 Executing VM operation: HandshakeAllThreads
Event: 0.998 Executing VM operation: HandshakeAllThreads done
Event: 1.025 Executing VM operation: HandshakeAllThreads
Event: 1.025 Executing VM operation: HandshakeAllThreads done
Event: 1.090 Executing VM operation: HandshakeAllThreads
Event: 1.090 Executing VM operation: HandshakeAllThreads done
Event: 1.119 Executing VM operation: HandshakeAllThreads
Event: 1.119 Executing VM operation: HandshakeAllThreads done
Event: 1.134 Executing VM operation: HandshakeAllThreads
Event: 1.134 Executing VM operation: HandshakeAllThreads done
Event: 1.179 Executing VM operation: HandshakeAllThreads
Event: 1.179 Executing VM operation: HandshakeAllThreads done
Event: 1.450 Executing VM operation: HandshakeAllThreads
Event: 1.450 Executing VM operation: HandshakeAllThreads done
Event: 1.723 Executing VM operation: ICBufferFull
Event: 1.723 Executing VM operation: ICBufferFull done

Events (20 events):
Event: 0.057 Loaded shared library C:\Program Files\Java\jdk-18.0.1.1\bin\nio.dll
Event: 0.062 Loaded shared library C:\Program Files\Java\jdk-18.0.1.1\bin\zip.dll
Event: 0.235 Loaded shared library C:\Program Files\Java\jdk-18.0.1.1\bin\jimage.dll
Event: 0.240 Thread 0x000002c47ea99e40 Thread added: 0x000002c47ea99e40
Event: 0.280 Loaded shared library C:\Program Files\Java\jdk-18.0.1.1\bin\verify.dll
Event: 0.397 Loaded shared library C:\Users\kingi\.gradle\native\68d5fa5c4cc2d200863cafc0d521ce42e7d3e7ee720ec0a83991735586a16f82\windows-amd64\native-platform.dll
Event: 0.409 Loaded shared library C:\Users\kingi\.gradle\native\e376f236ea51e6404a007f0833ffe2c6e607c4080706a723a18a27aeea778392\windows-amd64\native-platform-file-events.dll
Event: 0.720 Thread 0x000002c40f48f010 Thread added: 0x000002c40f48f010
Event: 1.008 Loaded shared library C:\Program Files\Java\jdk-18.0.1.1\bin\management.dll
Event: 1.010 Loaded shared library C:\Program Files\Java\jdk-18.0.1.1\bin\management_ext.dll
Event: 1.045 Thread 0x000002c40f4ef410 Thread added: 0x000002c40f4ef410
Event: 1.435 Thread 0x000002c40f56a8c0 Thread added: 0x000002c40f56a8c0
Event: 1.475 Thread 0x000002c40ff2f030 Thread added: 0x000002c40ff2f030
Event: 1.496 Thread 0x000002c40fb64440 Thread added: 0x000002c40fb64440
Event: 1.498 Thread 0x000002c41027fe90 Thread added: 0x000002c41027fe90
Event: 1.516 Thread 0x000002c410280d00 Thread added: 0x000002c410280d00
Event: 1.521 Thread 0x000002c4102811d0 Thread added: 0x000002c4102811d0
Event: 1.528 Thread 0x000002c4102816a0 Thread added: 0x000002c4102816a0
Event: 1.531 Thread 0x000002c410280830 Thread added: 0x000002c410280830
Event: 1.537 Thread 0x000002c410281b70 Thread added: 0x000002c410281b70


Dynamic libraries:
0x00007ff720680000 - 0x00007ff720690000 	C:\Program Files\Java\jdk-18.0.1.1\bin\java.exe
0x00007ffee5870000 - 0x00007ffee5a87000 	C:\WINDOWS\SYSTEM32\ntdll.dll
0x00007ffee3e40000 - 0x00007ffee3f04000 	C:\WINDOWS\System32\KERNEL32.DLL
0x00007ffee2be0000 - 0x00007ffee2f86000 	C:\WINDOWS\System32\KERNELBASE.dll
0x00007ffee33f0000 - 0x00007ffee3501000 	C:\WINDOWS\System32\ucrtbase.dll
0x00007ffeb3a00000 - 0x00007ffeb3a18000 	C:\Program Files\Java\jdk-18.0.1.1\bin\jli.dll
0x00007ffec2380000 - 0x00007ffec239a000 	C:\Program Files\Java\jdk-18.0.1.1\bin\VCRUNTIME140.dll
0x00007ffee3ab0000 - 0x00007ffee3b61000 	C:\WINDOWS\System32\ADVAPI32.dll
0x00007ffee3860000 - 0x00007ffee3907000 	C:\WINDOWS\System32\msvcrt.dll
0x00007ffee5780000 - 0x00007ffee5825000 	C:\WINDOWS\System32\sechost.dll
0x00007ffee35c0000 - 0x00007ffee36d7000 	C:\WINDOWS\System32\RPCRT4.dll
0x00007ffee4970000 - 0x00007ffee4b1e000 	C:\WINDOWS\System32\USER32.dll
0x00007ffee3590000 - 0x00007ffee35b6000 	C:\WINDOWS\System32\win32u.dll
0x00007ffecba50000 - 0x00007ffecbce3000 	C:\WINDOWS\WinSxS\amd64_microsoft.windows.common-controls_6595b64144ccf1df_6.0.22621.2506_none_270c5ae97388e100\COMCTL32.dll
0x00007ffee3ff0000 - 0x00007ffee4019000 	C:\WINDOWS\System32\GDI32.dll
0x00007ffee3000000 - 0x00007ffee3118000 	C:\WINDOWS\System32\gdi32full.dll
0x00007ffee3350000 - 0x00007ffee33ea000 	C:\WINDOWS\System32\msvcp_win.dll
0x00007ffed7ba0000 - 0x00007ffed7baa000 	C:\WINDOWS\SYSTEM32\VERSION.dll
0x00007ffee5740000 - 0x00007ffee5771000 	C:\WINDOWS\System32\IMM32.DLL
0x00007ffed0280000 - 0x00007ffed028c000 	C:\Program Files\Java\jdk-18.0.1.1\bin\vcruntime140_1.dll
0x00007ffe93a90000 - 0x00007ffe93b1d000 	C:\Program Files\Java\jdk-18.0.1.1\bin\msvcp140.dll
0x00007ffde71c0000 - 0x00007ffde7dd0000 	C:\Program Files\Java\jdk-18.0.1.1\bin\server\jvm.dll
0x00007ffee4b20000 - 0x00007ffee4b28000 	C:\WINDOWS\System32\PSAPI.DLL
0x00007ffec0a50000 - 0x00007ffec0a59000 	C:\WINDOWS\SYSTEM32\WSOCK32.dll
0x00007ffed9ab0000 - 0x00007ffed9ae4000 	C:\WINDOWS\SYSTEM32\WINMM.dll
0x00007ffee4e50000 - 0x00007ffee4ec1000 	C:\WINDOWS\System32\WS2_32.dll
0x00007ffee1bf0000 - 0x00007ffee1c08000 	C:\WINDOWS\SYSTEM32\kernel.appcore.dll
0x00007ffed0150000 - 0x00007ffed015a000 	C:\Program Files\Java\jdk-18.0.1.1\bin\jimage.dll
0x00007ffee0570000 - 0x00007ffee07a3000 	C:\WINDOWS\SYSTEM32\DBGHELP.DLL
0x00007ffee4020000 - 0x00007ffee43a9000 	C:\WINDOWS\System32\combase.dll
0x00007ffee3f10000 - 0x00007ffee3fe7000 	C:\WINDOWS\System32\OLEAUT32.dll
0x00007ffeb63f0000 - 0x00007ffeb6422000 	C:\WINDOWS\SYSTEM32\dbgcore.DLL
0x00007ffee3510000 - 0x00007ffee358a000 	C:\WINDOWS\System32\bcryptPrimitives.dll
0x00007ffeb1140000 - 0x00007ffeb1165000 	C:\Program Files\Java\jdk-18.0.1.1\bin\java.dll
0x00007ffe936c0000 - 0x00007ffe93796000 	C:\Program Files\Java\jdk-18.0.1.1\bin\jsvml.dll
0x00007ffee4ed0000 - 0x00007ffee572a000 	C:\WINDOWS\System32\SHELL32.dll
0x00007ffee0ac0000 - 0x00007ffee13b6000 	C:\WINDOWS\SYSTEM32\windows.storage.dll
0x00007ffee0980000 - 0x00007ffee0abe000 	C:\WINDOWS\SYSTEM32\wintypes.dll
0x00007ffee3b70000 - 0x00007ffee3c63000 	C:\WINDOWS\System32\SHCORE.dll
0x00007ffee3770000 - 0x00007ffee37ce000 	C:\WINDOWS\System32\shlwapi.dll
0x00007ffee2b10000 - 0x00007ffee2b36000 	C:\WINDOWS\SYSTEM32\profapi.dll
0x00007ffeb39e0000 - 0x00007ffeb39f3000 	C:\Program Files\Java\jdk-18.0.1.1\bin\net.dll
0x00007ffedbe50000 - 0x00007ffedbf87000 	C:\WINDOWS\SYSTEM32\WINHTTP.dll
0x00007ffee2100000 - 0x00007ffee2169000 	C:\WINDOWS\system32\mswsock.dll
0x00007ffeb1500000 - 0x00007ffeb1516000 	C:\Program Files\Java\jdk-18.0.1.1\bin\nio.dll
0x00007ffeb0eb0000 - 0x00007ffeb0ec8000 	C:\Program Files\Java\jdk-18.0.1.1\bin\zip.dll
0x00007ffecbf00000 - 0x00007ffecbf10000 	C:\Program Files\Java\jdk-18.0.1.1\bin\verify.dll
0x00007ffeae7e0000 - 0x00007ffeae807000 	C:\Users\kingi\.gradle\native\68d5fa5c4cc2d200863cafc0d521ce42e7d3e7ee720ec0a83991735586a16f82\windows-amd64\native-platform.dll
0x00007ffe7b920000 - 0x00007ffe7ba64000 	C:\Users\kingi\.gradle\native\e376f236ea51e6404a007f0833ffe2c6e607c4080706a723a18a27aeea778392\windows-amd64\native-platform-file-events.dll
0x00007ffec6360000 - 0x00007ffec6369000 	C:\Program Files\Java\jdk-18.0.1.1\bin\management.dll
0x00007ffec2370000 - 0x00007ffec237b000 	C:\Program Files\Java\jdk-18.0.1.1\bin\management_ext.dll
0x00007ffee2380000 - 0x00007ffee239b000 	C:\WINDOWS\SYSTEM32\CRYPTSP.dll
0x00007ffee1c10000 - 0x00007ffee1c45000 	C:\WINDOWS\system32\rsaenh.dll
0x00007ffee21a0000 - 0x00007ffee21cc000 	C:\WINDOWS\SYSTEM32\USERENV.dll
0x00007ffee2570000 - 0x00007ffee2598000 	C:\WINDOWS\SYSTEM32\bcrypt.dll
0x00007ffee2310000 - 0x00007ffee231c000 	C:\WINDOWS\SYSTEM32\CRYPTBASE.dll
0x00007ffee16d0000 - 0x00007ffee16fd000 	C:\WINDOWS\SYSTEM32\IPHLPAPI.DLL
0x00007ffee4430000 - 0x00007ffee4439000 	C:\WINDOWS\System32\NSI.dll
0x00007ffedc410000 - 0x00007ffedc429000 	C:\WINDOWS\SYSTEM32\dhcpcsvc6.DLL
0x00007ffedc010000 - 0x00007ffedc02f000 	C:\WINDOWS\SYSTEM32\dhcpcsvc.DLL
0x00007ffee1700000 - 0x00007ffee17f9000 	C:\WINDOWS\SYSTEM32\DNSAPI.dll

dbghelp: loaded successfully - version: 4.0.5 - missing functions: none
symbol engine: initialized successfully - sym options: 0x614 - pdb path: .;C:\Program Files\Java\jdk-18.0.1.1\bin;C:\WINDOWS\SYSTEM32;C:\WINDOWS\WinSxS\amd64_microsoft.windows.common-controls_6595b64144ccf1df_6.0.22621.2506_none_270c5ae97388e100;C:\Program Files\Java\jdk-18.0.1.1\bin\server;C:\Users\kingi\.gradle\native\68d5fa5c4cc2d200863cafc0d521ce42e7d3e7ee720ec0a83991735586a16f82\windows-amd64;C:\Users\kingi\.gradle\native\e376f236ea51e6404a007f0833ffe2c6e607c4080706a723a18a27aeea778392\windows-amd64

VM Arguments:
jvm_args: --add-opens=java.base/java.util=ALL-UNNAMED --add-opens=java.base/java.lang=ALL-UNNAMED --add-opens=java.base/java.lang.invoke=ALL-UNNAMED --add-opens=java.prefs/java.util.prefs=ALL-UNNAMED --add-opens=java.base/java.nio.charset=ALL-UNNAMED --add-opens=java.base/java.net=ALL-UNNAMED --add-opens=java.base/java.util.concurrent.atomic=ALL-UNNAMED -Xmx2048m -Dfile.encoding=UTF-8 -Duser.country=US -Duser.language=en -Duser.variant 
java_command: org.gradle.launcher.daemon.bootstrap.GradleDaemon 8.0
java_class_path (initial): C:\Users\kingi\.gradle\wrapper\dists\gradle-8.0-bin\ca5e32bp14vu59qr306oxotwh\gradle-8.0\lib\gradle-launcher-8.0.jar
Launcher Type: SUN_STANDARD

[Global flags]
     intx CICompilerCount                          = 12                                        {product} {ergonomic}
     uint ConcGCThreads                            = 3                                         {product} {ergonomic}
     uint G1ConcRefinementThreads                  = 13                                        {product} {ergonomic}
   size_t G1HeapRegionSize                         = 1048576                                   {product} {ergonomic}
    uintx GCDrainStackTargetSize                   = 64                                        {product} {ergonomic}
   size_t InitialHeapSize                          = 232783872                                 {product} {ergonomic}
   size_t MarkStackSize                            = 4194304                                   {product} {ergonomic}
   size_t MaxHeapSize                              = 2147483648                                {product} {command line}
   size_t MaxNewSize                               = 1287651328                                {product} {ergonomic}
   size_t MinHeapDeltaBytes                        = 1048576                                   {product} {ergonomic}
   size_t MinHeapSize                              = 8388608                                   {product} {ergonomic}
    uintx NonNMethodCodeHeapSize                   = 7602480                                {pd product} {ergonomic}
    uintx NonProfiledCodeHeapSize                  = 122027880                              {pd product} {ergonomic}
    uintx ProfiledCodeHeapSize                     = 122027880                              {pd product} {ergonomic}
    uintx ReservedCodeCacheSize                    = 251658240                              {pd product} {ergonomic}
     bool SegmentedCodeCache                       = true                                      {product} {ergonomic}
   size_t SoftMaxHeapSize                          = 2147483648                             {manageable} {ergonomic}
     bool UseCompressedClassPointers               = true                           {product lp64_product} {ergonomic}
     bool UseCompressedOops                        = true                           {product lp64_product} {ergonomic}
     bool UseG1GC                                  = true                                      {product} {ergonomic}
     bool UseLargePagesIndividualAllocation        = false                                  {pd product} {ergonomic}

Logging:
Log output configuration:
 #0: stdout all=warning uptime,level,tags foldmultilines=false
 #1: stderr all=off uptime,level,tags foldmultilines=false

Environment Variables:
CLASSPATH=D:\Kuliah\Bangkit\Capstone Project\App\\gradle\wrapper\gradle-wrapper.jar
PATH=C:\Program Files (x86)\Common Files\Intel\Shared Files\cpp\bin\Intel64;C:\oraclexe\app\oracle\product\11.2.0\server\bin;C:\App\Oracle\WINDOWS.X64_193000_db_home\bin;C:\Program Files\Common Files\Oracle\Java\javapath;C:\Program Files (x86)\Common Files\Oracle\Java\javapath;C:\Windows\system32;C:\Windows;C:\Windows\System32\Wbem;C:\Windows\System32\WindowsPowerShell\v1.0\;C:\Windows\System32\OpenSSH\;C:\Program Files (x86)\NVIDIA Corporation\PhysX\Common;C:\Program Files\Git\cmd;C:\Program Files\nodejs\;C:\WINDOWS\system32;C:\WINDOWS;C:\WINDOWS\System32\Wbem;C:\WINDOWS\System32\WindowsPowerShell\v1.0\;C:\WINDOWS\System32\OpenSSH\;C:\Program Files\NVIDIA Corporation\NVIDIA NvDLISR;C:\gradle-8.1.1\gradle-8.1.1\bin;C:\Program Files\PuTTY\;C:\Users\kingi\AppData\Local\Programs\Python\Python310\Scripts\;C:\Users\kingi\AppData\Local\Programs\Python\Python310\;C:\Users\kingi\AppData\Local\Microsoft\WindowsApps;C:\Users\kingi\AppData\Local\Programs\Microsoft VS Code\bin;C:\Users\kingi\AppData\Roaming\npm;C:\Users\kingi\OneDrive\Documents\belajar\dart\dart-sdk\bin;C:\Users\kingi\OneDrive\Documents\belajar\dart\flutter\flutter_sdk\bin;C:\Users\kingi\AppData\Local\GitHubDesktop\bin
USERNAME=Lenovo
OS=Windows_NT
PROCESSOR_IDENTIFIER=AMD64 Family 25 Model 80 Stepping 0, AuthenticAMD



---------------  S Y S T E M  ---------------

OS:
 Windows 11 , 64 bit Build 22621 (10.0.22621.2506)
OS uptime: 2 days 8:41 hours
Hyper-V role detected

CPU: total 16 (initial active 16) (16 cores per cpu, 2 threads per core) family 25 model 80 stepping 0 microcode 0x0, cx8, cmov, fxsr, ht, mmx, 3dnowpref, sse, sse2, sse3, ssse3, sse4a, sse4.1, sse4.2, popcnt, lzcnt, tsc, tscinvbit, avx, avx2, aes, erms, clmul, bmi1, bmi2, adx, sha, fma, vzeroupper, clflush, clflushopt, hv

Memory: 4k page, system-wide physical 14188M (389M free)
TotalPageFile size 57196M (AvailPageFile size 5M)
current process WorkingSet (physical memory assigned to process): 138M, peak: 138M
current process commit charge ("private bytes"): 367M, peak: 367M

vm_info: Java HotSpot(TM) 64-Bit Server VM (18.0.1.1+2-6) for windows-amd64 JRE (18.0.1.1+2-6), built on Apr 25 2022 21:53:15 by "mach5one" with MS VC++ 16.8 / 16.9 (VS2019)

END.
