#
# There is insufficient memory for the Java Runtime Environment to continue.
# Native memory allocation (malloc) failed to allocate 2229760 bytes for Chunk::new
# Possible reasons:
#   The system is out of physical RAM or swap space
#   The process is running with CompressedOops enabled, and the Java Heap may be blocking the growth of the native heap
# Possible solutions:
#   Reduce memory load on the system
#   Increase physical memory or swap space
#   Check if swap backing store is full
#   Decrease Java heap size (-Xmx/-Xms)
#   Decrease number of Java threads
#   Decrease Java thread stack sizes (-Xss)
#   Set larger code cache with -XX:ReservedCodeCacheSize=
#   JVM is running with Zero Based Compressed Oops mode in which the Java heap is
#     placed in the first 32GB address space. The Java Heap base address is the
#     maximum limit for the native heap growth. Please use -XX:HeapBaseMinAddress
#     to set the Java Heap base and to place the Java Heap above 32GB virtual address.
# This output file may be truncated or incomplete.
#
#  Out of Memory Error (arena.cpp:189), pid=13004, tid=1404
#
# JRE version: OpenJDK Runtime Environment (17.0.7) (build 17.0.7+0-b2043.56-10550314)
# Java VM: OpenJDK 64-Bit Server VM (17.0.7+0-b2043.56-10550314, mixed mode, tiered, compressed oops, compressed class ptrs, g1 gc, windows-amd64)
# No core dump will be written. Minidumps are not enabled by default on client versions of Windows
#

---------------  S U M M A R Y ------------

Command Line: org.jetbrains.kotlin.cli.jvm.K2JVMCompiler @D:\Kuliah\Bangkit\Capstone Project\App\app\build\20231219_3260043236859104148.compiler.options

Host: AMD Ryzen 7 5800H with Radeon Graphics         , 16 cores, 13G,  Windows 11 , 64 bit Build 22621 (10.0.22621.2506)
Time: Tue Dec 19 20:10:52 2023 SE Asia Standard Time elapsed time: 16.313979 seconds (0d 0h 0m 16s)

---------------  T H R E A D  ---------------

Current thread (0x00000202277a3410):  JavaThread "C2 CompilerThread0" daemon [_thread_in_native, id=1404, stack(0x0000007f67f00000,0x0000007f68000000)]


Current CompileTask:
C2:  16314 19802       4       org.jetbrains.kotlin.ir.util.IrFakeOverrideUtilsKt::resolveFakeOverride (74 bytes)

Stack: [0x0000007f67f00000,0x0000007f68000000]
Native frames: (J=compiled Java code, j=interpreted, Vv=VM code, C=native code)
V  [jvm.dll+0x683bfa]
V  [jvm.dll+0x8430a4]
V  [jvm.dll+0x8449be]
V  [jvm.dll+0x845023]
V  [jvm.dll+0x24ad2f]
V  [jvm.dll+0xac25c]
V  [jvm.dll+0xac82c]
V  [jvm.dll+0x36a187]
V  [jvm.dll+0x334821]
V  [jvm.dll+0x333cca]
V  [jvm.dll+0x21d251]
V  [jvm.dll+0x21c671]
V  [jvm.dll+0x1a605d]
V  [jvm.dll+0x22c148]
V  [jvm.dll+0x22a209]
V  [jvm.dll+0x7f858c]
V  [jvm.dll+0x7f2aea]
V  [jvm.dll+0x682a35]
C  [ucrtbase.dll+0x29363]
C  [KERNEL32.DLL+0x1257d]
C  [ntdll.dll+0x5aa58]


---------------  P R O C E S S  ---------------

Threads class SMR info:
_java_thread_list=0x000002022d93fa60, length=18, elements={
0x0000020209409320, 0x0000020227739c90, 0x000002022773aa10, 0x0000020227789a10,
0x000002022778b640, 0x0000020227790320, 0x0000020227790be0, 0x00000202277a3410,
0x00000202277a3dc0, 0x00000202277b03f0, 0x00000202278f4930, 0x0000020227901280,
0x0000020227916550, 0x000002022c099f90, 0x000002022c25a140, 0x000002022dc19c40,
0x000002022e603c20, 0x000002022e6f0a50
}

Java Threads: ( => current thread )
  0x0000020209409320 JavaThread "main" [_thread_in_vm, id=21512, stack(0x0000007f67200000,0x0000007f67300000)]
  0x0000020227739c90 JavaThread "Reference Handler" daemon [_thread_blocked, id=10832, stack(0x0000007f67900000,0x0000007f67a00000)]
  0x000002022773aa10 JavaThread "Finalizer" daemon [_thread_blocked, id=24388, stack(0x0000007f67a00000,0x0000007f67b00000)]
  0x0000020227789a10 JavaThread "Signal Dispatcher" daemon [_thread_blocked, id=22712, stack(0x0000007f67b00000,0x0000007f67c00000)]
  0x000002022778b640 JavaThread "Attach Listener" daemon [_thread_blocked, id=31240, stack(0x0000007f67c00000,0x0000007f67d00000)]
  0x0000020227790320 JavaThread "Service Thread" daemon [_thread_blocked, id=2008, stack(0x0000007f67d00000,0x0000007f67e00000)]
  0x0000020227790be0 JavaThread "Monitor Deflation Thread" daemon [_thread_blocked, id=9120, stack(0x0000007f67e00000,0x0000007f67f00000)]
=>0x00000202277a3410 JavaThread "C2 CompilerThread0" daemon [_thread_in_native, id=1404, stack(0x0000007f67f00000,0x0000007f68000000)]
  0x00000202277a3dc0 JavaThread "C1 CompilerThread0" daemon [_thread_blocked, id=33988, stack(0x0000007f68000000,0x0000007f68100000)]
  0x00000202277b03f0 JavaThread "Sweeper thread" daemon [_thread_in_vm, id=35052, stack(0x0000007f68100000,0x0000007f68200000)]
  0x00000202278f4930 JavaThread "C1 CompilerThread1" daemon [_thread_blocked, id=29292, stack(0x0000007f68200000,0x0000007f68300000)]
  0x0000020227901280 JavaThread "Notification Thread" daemon [_thread_blocked, id=11936, stack(0x0000007f68300000,0x0000007f68400000)]
  0x0000020227916550 JavaThread "Common-Cleaner" daemon [_thread_blocked, id=21148, stack(0x0000007f68500000,0x0000007f68600000)]
  0x000002022c099f90 JavaThread "C1 CompilerThread2" daemon [_thread_blocked, id=11664, stack(0x0000007f68700000,0x0000007f68800000)]
  0x000002022c25a140 JavaThread "C1 CompilerThread3" daemon [_thread_blocked, id=22964, stack(0x0000007f68800000,0x0000007f68900000)]
  0x000002022dc19c40 JavaThread "C2 CompilerThread1" daemon [_thread_in_native, id=25640, stack(0x0000007f68600000,0x0000007f68700000)]
  0x000002022e603c20 JavaThread "C2 CompilerThread2" daemon [_thread_in_native, id=21384, stack(0x0000007f69600000,0x0000007f69700000)]
  0x000002022e6f0a50 JavaThread "C2 CompilerThread3" daemon [_thread_in_native, id=14116, stack(0x0000007f69800000,0x0000007f69900000)]

Other Threads:
  0x00000202276eb6a0 VMThread "VM Thread" [stack: 0x0000007f67800000,0x0000007f67900000] [id=12504]
  0x0000020227902380 WatcherThread [stack: 0x0000007f68400000,0x0000007f68500000] [id=31432]
  0x000002020946ded0 GCTaskThread "GC Thread#0" [stack: 0x0000007f67300000,0x0000007f67400000] [id=19800]
  0x000002022c32f090 GCTaskThread "GC Thread#1" [stack: 0x0000007f68900000,0x0000007f68a00000] [id=26844]
  0x000002022c32f340 GCTaskThread "GC Thread#2" [stack: 0x0000007f68a00000,0x0000007f68b00000] [id=13896]
  0x000002022c3b58c0 GCTaskThread "GC Thread#3" [stack: 0x0000007f68b00000,0x0000007f68c00000] [id=35328]
  0x000002022c3b5f80 GCTaskThread "GC Thread#4" [stack: 0x0000007f68c00000,0x0000007f68d00000] [id=21132]
  0x000002022c87a1f0 GCTaskThread "GC Thread#5" [stack: 0x0000007f68e00000,0x0000007f68f00000] [id=9444]
  0x000002022c87a4a0 GCTaskThread "GC Thread#6" [stack: 0x0000007f68f00000,0x0000007f69000000] [id=24836]
  0x000002022c87a750 GCTaskThread "GC Thread#7" [stack: 0x0000007f69000000,0x0000007f69100000] [id=34244]
  0x000002022c87aa00 GCTaskThread "GC Thread#8" [stack: 0x0000007f69100000,0x0000007f69200000] [id=24212]
  0x000002022c87acb0 GCTaskThread "GC Thread#9" [stack: 0x0000007f68d00000,0x0000007f68e00000] [id=25556]
  0x000002022c87b210 GCTaskThread "GC Thread#10" [stack: 0x0000007f69400000,0x0000007f69500000] [id=13172]
  0x000002022c87b4c0 GCTaskThread "GC Thread#11" [stack: 0x0000007f69500000,0x0000007f69600000] [id=30036]
  0x000002022d5da630 GCTaskThread "GC Thread#12" [stack: 0x0000007f69700000,0x0000007f69800000] [id=32896]
  0x000002020947cbd0 ConcurrentGCThread "G1 Main Marker" [stack: 0x0000007f67400000,0x0000007f67500000] [id=23404]
  0x000002020947dd80 ConcurrentGCThread "G1 Conc#0" [stack: 0x0000007f67500000,0x0000007f67600000] [id=14992]
  0x000002022c87b770 ConcurrentGCThread "G1 Conc#1" [stack: 0x0000007f69200000,0x0000007f69300000] [id=20636]
  0x000002022c87ba20 ConcurrentGCThread "G1 Conc#2" [stack: 0x0000007f69300000,0x0000007f69400000] [id=19684]
  0x00000202094ce0d0 ConcurrentGCThread "G1 Refine#0" [stack: 0x0000007f67600000,0x0000007f67700000] [id=31328]
  0x000002022cc044c0 ConcurrentGCThread "G1 Refine#1" [stack: 0x0000007f69900000,0x0000007f69a00000] [id=7792]
  0x000002022cc02ae0 ConcurrentGCThread "G1 Refine#2" [stack: 0x0000007f69a00000,0x0000007f69b00000] [id=11840]
  0x000002022cc06180 ConcurrentGCThread "G1 Refine#3" [stack: 0x0000007f69b00000,0x0000007f69c00000] [id=4268]
  0x000002022cc05bc0 ConcurrentGCThread "G1 Refine#4" [stack: 0x0000007f69c00000,0x0000007f69d00000] [id=32048]
  0x000002022cc06460 ConcurrentGCThread "G1 Refine#5" [stack: 0x0000007f69d00000,0x0000007f69e00000] [id=26464]
  0x000002022cc03660 ConcurrentGCThread "G1 Refine#6" [stack: 0x0000007f69e00000,0x0000007f69f00000] [id=27676]
  0x000002022cc05600 ConcurrentGCThread "G1 Refine#7" [stack: 0x0000007f69f00000,0x0000007f6a000000] [id=20072]
  0x00000202094ceaf0 ConcurrentGCThread "G1 Service" [stack: 0x0000007f67700000,0x0000007f67800000] [id=1888]

Threads with active compile tasks:
C2 CompilerThread0    16328 19802       4       org.jetbrains.kotlin.ir.util.IrFakeOverrideUtilsKt::resolveFakeOverride (74 bytes)
C2 CompilerThread1    16328 19803       4       org.jetbrains.kotlin.ir.util.IrFakeOverrideUtilsKt::resolveFakeOverrideOrNull (240 bytes)
C2 CompilerThread2    16328 19569       4       org.jetbrains.kotlin.types.AbstractTypeChecker::isSubtypeOf (46 bytes)
C2 CompilerThread3    16328 19801       4       org.jetbrains.kotlin.ir.util.IrFakeOverrideUtilsKt::resolveFakeOverride$default (28 bytes)

VM state: not at safepoint (normal execution)

VM Mutex/Monitor currently owned by a thread:  ([mutex/lock_event])
[0x00000202071dd770] CodeCache_lock - owner thread: 0x0000020209409320
[0x00000202094060a0] Compile_lock - owner thread: 0x0000020209409320

Heap address: 0x0000000722400000, size: 3548 MB, Compressed Oops mode: Zero based, Oop shift amount: 3

CDS archive(s) not mapped
Compressed class space mapped at: 0x0000000800000000-0x0000000840000000, reserved size: 1073741824
Narrow klass base: 0x0000000800000000, Narrow klass shift: 0, Narrow klass range: 0x40000000

GC Precious Log:
 CPUs: 16 total, 16 available
 Memory: 14188M
 Large Page Support: Disabled
 NUMA Support: Disabled
 Compressed Oops: Enabled (Zero based)
 Heap Region Size: 2M
 Heap Min Capacity: 8M
 Heap Initial Capacity: 222M
 Heap Max Capacity: 3548M
 Pre-touch: Disabled
 Parallel Workers: 13
 Concurrent Workers: 3
 Concurrent Refinement Workers: 13
 Periodic GC: Disabled

Heap:
 garbage-first heap   total 526336K, used 301590K [0x0000000722400000, 0x0000000800000000)
  region size 2048K, 82 young (167936K), 4 survivors (8192K)
 Metaspace       used 93194K, committed 93504K, reserved 1179648K
  class space    used 10203K, committed 10368K, reserved 1048576K

Heap Regions: E=young(eden), S=young(survivor), O=old, HS=humongous(starts), HC=humongous(continues), CS=collection set, F=free, OA=open archive, CA=closed archive, TAMS=top-at-mark-start (previous, next)
|   0|0x0000000722400000, 0x0000000722600000, 0x0000000722600000|100%|HS|  |TAMS 0x0000000722600000, 0x0000000722400000| Complete 
|   1|0x0000000722600000, 0x0000000722800000, 0x0000000722800000|100%|HC|  |TAMS 0x0000000722800000, 0x0000000722600000| Complete 
|   2|0x0000000722800000, 0x0000000722a00000, 0x0000000722a00000|100%| O|  |TAMS 0x0000000722a00000, 0x0000000722800000| Untracked 
|   3|0x0000000722a00000, 0x0000000722c00000, 0x0000000722c00000|100%|HS|  |TAMS 0x0000000722c00000, 0x0000000722a00000| Complete 
|   4|0x0000000722c00000, 0x0000000722e00000, 0x0000000722e00000|100%| O|  |TAMS 0x0000000722e00000, 0x0000000722c00000| Untracked 
|   5|0x0000000722e00000, 0x0000000723000000, 0x0000000723000000|100%| O|  |TAMS 0x0000000723000000, 0x0000000722e00000| Untracked 
|   6|0x0000000723000000, 0x0000000723200000, 0x0000000723200000|100%| O|  |TAMS 0x0000000723200000, 0x0000000723000000| Untracked 
|   7|0x0000000723200000, 0x0000000723400000, 0x0000000723400000|100%| O|  |TAMS 0x0000000723400000, 0x0000000723200000| Untracked 
|   8|0x0000000723400000, 0x0000000723600000, 0x0000000723600000|100%| O|  |TAMS 0x0000000723600000, 0x0000000723400000| Untracked 
|   9|0x0000000723600000, 0x0000000723800000, 0x0000000723800000|100%| O|  |TAMS 0x0000000723800000, 0x0000000723600000| Untracked 
|  10|0x0000000723800000, 0x0000000723a00000, 0x0000000723a00000|100%| O|  |TAMS 0x0000000723a00000, 0x0000000723800000| Untracked 
|  11|0x0000000723a00000, 0x0000000723c00000, 0x0000000723c00000|100%| O|  |TAMS 0x0000000723c00000, 0x0000000723a00000| Untracked 
|  12|0x0000000723c00000, 0x0000000723e00000, 0x0000000723e00000|100%| O|  |TAMS 0x0000000723e00000, 0x0000000723c00000| Untracked 
|  13|0x0000000723e00000, 0x0000000724000000, 0x0000000724000000|100%| O|  |TAMS 0x0000000724000000, 0x0000000723e00000| Untracked 
|  14|0x0000000724000000, 0x0000000724200000, 0x0000000724200000|100%| O|  |TAMS 0x0000000724200000, 0x0000000724000000| Untracked 
|  15|0x0000000724200000, 0x0000000724400000, 0x0000000724400000|100%| O|  |TAMS 0x0000000724400000, 0x0000000724200000| Untracked 
|  16|0x0000000724400000, 0x0000000724600000, 0x0000000724600000|100%| O|  |TAMS 0x0000000724600000, 0x0000000724400000| Untracked 
|  17|0x0000000724600000, 0x0000000724800000, 0x0000000724800000|100%| O|  |TAMS 0x0000000724800000, 0x0000000724600000| Untracked 
|  18|0x0000000724800000, 0x0000000724a00000, 0x0000000724a00000|100%| O|  |TAMS 0x0000000724a00000, 0x0000000724800000| Untracked 
|  19|0x0000000724a00000, 0x0000000724c00000, 0x0000000724c00000|100%| O|  |TAMS 0x0000000724c00000, 0x0000000724a00000| Untracked 
|  20|0x0000000724c00000, 0x0000000724e00000, 0x0000000724e00000|100%| O|  |TAMS 0x0000000724e00000, 0x0000000724c00000| Untracked 
|  21|0x0000000724e00000, 0x0000000725000000, 0x0000000725000000|100%| O|  |TAMS 0x0000000725000000, 0x0000000724e00000| Untracked 
|  22|0x0000000725000000, 0x0000000725200000, 0x0000000725200000|100%| O|  |TAMS 0x0000000725200000, 0x0000000725000000| Untracked 
|  23|0x0000000725200000, 0x0000000725400000, 0x0000000725400000|100%| O|  |TAMS 0x0000000725400000, 0x0000000725200000| Untracked 
|  24|0x0000000725400000, 0x0000000725600000, 0x0000000725600000|100%| O|  |TAMS 0x0000000725600000, 0x0000000725400000| Untracked 
|  25|0x0000000725600000, 0x0000000725800000, 0x0000000725800000|100%| O|  |TAMS 0x0000000725800000, 0x0000000725600000| Untracked 
|  26|0x0000000725800000, 0x0000000725a00000, 0x0000000725a00000|100%| O|  |TAMS 0x0000000725a00000, 0x0000000725800000| Untracked 
|  27|0x0000000725a00000, 0x0000000725c00000, 0x0000000725c00000|100%| O|  |TAMS 0x0000000725c00000, 0x0000000725a00000| Untracked 
|  28|0x0000000725c00000, 0x0000000725e00000, 0x0000000725e00000|100%| O|  |TAMS 0x0000000725e00000, 0x0000000725c00000| Untracked 
|  29|0x0000000725e00000, 0x0000000726000000, 0x0000000726000000|100%| O|  |TAMS 0x0000000726000000, 0x0000000725e00000| Untracked 
|  30|0x0000000726000000, 0x0000000726200000, 0x0000000726200000|100%| O|  |TAMS 0x0000000726200000, 0x0000000726000000| Untracked 
|  31|0x0000000726200000, 0x0000000726400000, 0x0000000726400000|100%| O|  |TAMS 0x0000000726400000, 0x0000000726200000| Untracked 
|  32|0x0000000726400000, 0x0000000726600000, 0x0000000726600000|100%| O|  |TAMS 0x0000000726600000, 0x0000000726400000| Untracked 
|  33|0x0000000726600000, 0x0000000726800000, 0x0000000726800000|100%| O|  |TAMS 0x0000000726800000, 0x0000000726600000| Untracked 
|  34|0x0000000726800000, 0x0000000726a00000, 0x0000000726a00000|100%| O|  |TAMS 0x0000000726a00000, 0x0000000726800000| Untracked 
|  35|0x0000000726a00000, 0x0000000726c00000, 0x0000000726c00000|100%| O|  |TAMS 0x0000000726c00000, 0x0000000726a00000| Untracked 
|  36|0x0000000726c00000, 0x0000000726e00000, 0x0000000726e00000|100%| O|  |TAMS 0x0000000726e00000, 0x0000000726c00000| Untracked 
|  37|0x0000000726e00000, 0x0000000727000000, 0x0000000727000000|100%|HS|  |TAMS 0x0000000727000000, 0x0000000726e00000| Complete 
|  38|0x0000000727000000, 0x0000000727200000, 0x0000000727200000|100%| O|  |TAMS 0x0000000727200000, 0x0000000727000000| Untracked 
|  39|0x0000000727200000, 0x0000000727400000, 0x0000000727400000|100%| O|  |TAMS 0x0000000727400000, 0x0000000727200000| Untracked 
|  40|0x0000000727400000, 0x0000000727600000, 0x0000000727600000|100%| O|  |TAMS 0x0000000727600000, 0x0000000727400000| Untracked 
|  41|0x0000000727600000, 0x0000000727800000, 0x0000000727800000|100%| O|  |TAMS 0x0000000727800000, 0x0000000727600000| Untracked 
|  42|0x0000000727800000, 0x0000000727a00000, 0x0000000727a00000|100%| O|  |TAMS 0x0000000727a00000, 0x0000000727800000| Untracked 
|  43|0x0000000727a00000, 0x0000000727c00000, 0x0000000727c00000|100%| O|  |TAMS 0x0000000727c00000, 0x0000000727a00000| Untracked 
|  44|0x0000000727c00000, 0x0000000727e00000, 0x0000000727e00000|100%| O|  |TAMS 0x0000000727e00000, 0x0000000727c00000| Untracked 
|  45|0x0000000727e00000, 0x0000000728000000, 0x0000000728000000|100%| O|  |TAMS 0x0000000728000000, 0x0000000727e00000| Untracked 
|  46|0x0000000728000000, 0x0000000728200000, 0x0000000728200000|100%| O|  |TAMS 0x0000000728000000, 0x0000000728000000| Untracked 
|  47|0x0000000728200000, 0x0000000728400000, 0x0000000728400000|100%| O|  |TAMS 0x0000000728400000, 0x0000000728200000| Untracked 
|  48|0x0000000728400000, 0x0000000728600000, 0x0000000728600000|100%| O|  |TAMS 0x0000000728600000, 0x0000000728400000| Untracked 
|  49|0x0000000728600000, 0x0000000728800000, 0x0000000728800000|100%| O|  |TAMS 0x0000000728800000, 0x0000000728600000| Untracked 
|  50|0x0000000728800000, 0x0000000728a00000, 0x0000000728a00000|100%| O|  |TAMS 0x0000000728a00000, 0x0000000728800000| Untracked 
|  51|0x0000000728a00000, 0x0000000728c00000, 0x0000000728c00000|100%| O|  |TAMS 0x0000000728c00000, 0x0000000728a00000| Untracked 
|  52|0x0000000728c00000, 0x0000000728e00000, 0x0000000728e00000|100%| O|  |TAMS 0x0000000728e00000, 0x0000000728c00000| Untracked 
|  53|0x0000000728e00000, 0x0000000729000000, 0x0000000729000000|100%| O|  |TAMS 0x0000000729000000, 0x0000000728e00000| Untracked 
|  54|0x0000000729000000, 0x0000000729200000, 0x0000000729200000|100%| O|  |TAMS 0x0000000729200000, 0x0000000729000000| Untracked 
|  55|0x0000000729200000, 0x0000000729400000, 0x0000000729400000|100%| O|  |TAMS 0x0000000729400000, 0x0000000729200000| Untracked 
|  56|0x0000000729400000, 0x0000000729600000, 0x0000000729600000|100%| O|  |TAMS 0x0000000729600000, 0x0000000729400000| Untracked 
|  57|0x0000000729600000, 0x0000000729800000, 0x0000000729800000|100%| O|  |TAMS 0x0000000729800000, 0x0000000729600000| Untracked 
|  58|0x0000000729800000, 0x0000000729a00000, 0x0000000729a00000|100%| O|  |TAMS 0x0000000729a00000, 0x0000000729800000| Untracked 
|  59|0x0000000729a00000, 0x0000000729c00000, 0x0000000729c00000|100%| O|  |TAMS 0x0000000729c00000, 0x0000000729a00000| Untracked 
|  60|0x0000000729c00000, 0x0000000729e00000, 0x0000000729e00000|100%| O|  |TAMS 0x0000000729e00000, 0x0000000729c00000| Untracked 
|  61|0x0000000729e00000, 0x000000072a000000, 0x000000072a000000|100%| O|  |TAMS 0x000000072a000000, 0x0000000729e00000| Untracked 
|  62|0x000000072a000000, 0x000000072a200000, 0x000000072a200000|100%| O|  |TAMS 0x000000072a1bba00, 0x000000072a000000| Untracked 
|  63|0x000000072a200000, 0x000000072a400000, 0x000000072a400000|100%| O|  |TAMS 0x000000072a200000, 0x000000072a200000| Untracked 
|  64|0x000000072a400000, 0x000000072a600000, 0x000000072a600000|100%| O|  |TAMS 0x000000072a400000, 0x000000072a400000| Untracked 
|  65|0x000000072a600000, 0x000000072a800000, 0x000000072a800000|100%| O|  |TAMS 0x000000072a600000, 0x000000072a600000| Untracked 
|  66|0x000000072a800000, 0x000000072a885800, 0x000000072aa00000| 26%| O|  |TAMS 0x000000072a800000, 0x000000072a800000| Complete 
|  67|0x000000072aa00000, 0x000000072aa00000, 0x000000072ac00000|  0%| F|  |TAMS 0x000000072aa00000, 0x000000072aa00000| Untracked 
|  68|0x000000072ac00000, 0x000000072ac00000, 0x000000072ae00000|  0%| F|  |TAMS 0x000000072ac00000, 0x000000072ac00000| Untracked 
|  69|0x000000072ae00000, 0x000000072ae00000, 0x000000072b000000|  0%| F|  |TAMS 0x000000072ae00000, 0x000000072ae00000| Untracked 
|  70|0x000000072b000000, 0x000000072b000000, 0x000000072b200000|  0%| F|  |TAMS 0x000000072b000000, 0x000000072b000000| Untracked 
|  71|0x000000072b200000, 0x000000072b200000, 0x000000072b400000|  0%| F|  |TAMS 0x000000072b200000, 0x000000072b200000| Untracked 
|  72|0x000000072b400000, 0x000000072b400000, 0x000000072b600000|  0%| F|  |TAMS 0x000000072b400000, 0x000000072b400000| Untracked 
|  73|0x000000072b600000, 0x000000072b600000, 0x000000072b800000|  0%| F|  |TAMS 0x000000072b600000, 0x000000072b600000| Untracked 
|  74|0x000000072b800000, 0x000000072b800000, 0x000000072ba00000|  0%| F|  |TAMS 0x000000072b800000, 0x000000072b800000| Untracked 
|  75|0x000000072ba00000, 0x000000072ba00000, 0x000000072bc00000|  0%| F|  |TAMS 0x000000072ba00000, 0x000000072ba00000| Untracked 
|  76|0x000000072bc00000, 0x000000072bc00000, 0x000000072be00000|  0%| F|  |TAMS 0x000000072bc00000, 0x000000072bc00000| Untracked 
|  77|0x000000072be00000, 0x000000072be00000, 0x000000072c000000|  0%| F|  |TAMS 0x000000072be00000, 0x000000072be00000| Untracked 
|  78|0x000000072c000000, 0x000000072c000000, 0x000000072c200000|  0%| F|  |TAMS 0x000000072c000000, 0x000000072c000000| Untracked 
|  79|0x000000072c200000, 0x000000072c400000, 0x000000072c400000|100%| S|CS|TAMS 0x000000072c200000, 0x000000072c200000| Complete 
|  80|0x000000072c400000, 0x000000072c600000, 0x000000072c600000|100%| S|CS|TAMS 0x000000072c400000, 0x000000072c400000| Complete 
|  81|0x000000072c600000, 0x000000072c800000, 0x000000072c800000|100%| S|CS|TAMS 0x000000072c600000, 0x000000072c600000| Complete 
|  82|0x000000072c800000, 0x000000072ca00000, 0x000000072ca00000|100%| S|CS|TAMS 0x000000072c800000, 0x000000072c800000| Complete 
|  83|0x000000072ca00000, 0x000000072ca00000, 0x000000072cc00000|  0%| F|  |TAMS 0x000000072ca00000, 0x000000072ca00000| Untracked 
|  84|0x000000072cc00000, 0x000000072cc00000, 0x000000072ce00000|  0%| F|  |TAMS 0x000000072cc00000, 0x000000072cc00000| Untracked 
|  85|0x000000072ce00000, 0x000000072ce00000, 0x000000072d000000|  0%| F|  |TAMS 0x000000072ce00000, 0x000000072ce00000| Untracked 
|  86|0x000000072d000000, 0x000000072d000000, 0x000000072d200000|  0%| F|  |TAMS 0x000000072d000000, 0x000000072d000000| Untracked 
|  87|0x000000072d200000, 0x000000072d200000, 0x000000072d400000|  0%| F|  |TAMS 0x000000072d200000, 0x000000072d200000| Untracked 
|  88|0x000000072d400000, 0x000000072d400000, 0x000000072d600000|  0%| F|  |TAMS 0x000000072d400000, 0x000000072d400000| Untracked 
|  89|0x000000072d600000, 0x000000072d600000, 0x000000072d800000|  0%| F|  |TAMS 0x000000072d600000, 0x000000072d600000| Untracked 
|  90|0x000000072d800000, 0x000000072d800000, 0x000000072da00000|  0%| F|  |TAMS 0x000000072d800000, 0x000000072d800000| Untracked 
|  91|0x000000072da00000, 0x000000072da00000, 0x000000072dc00000|  0%| F|  |TAMS 0x000000072da00000, 0x000000072da00000| Untracked 
|  92|0x000000072dc00000, 0x000000072dc00000, 0x000000072de00000|  0%| F|  |TAMS 0x000000072dc00000, 0x000000072dc00000| Untracked 
|  93|0x000000072de00000, 0x000000072de00000, 0x000000072e000000|  0%| F|  |TAMS 0x000000072de00000, 0x000000072de00000| Untracked 
|  94|0x000000072e000000, 0x000000072e000000, 0x000000072e200000|  0%| F|  |TAMS 0x000000072e000000, 0x000000072e000000| Untracked 
|  95|0x000000072e200000, 0x000000072e200000, 0x000000072e400000|  0%| F|  |TAMS 0x000000072e200000, 0x000000072e200000| Untracked 
|  96|0x000000072e400000, 0x000000072e400000, 0x000000072e600000|  0%| F|  |TAMS 0x000000072e400000, 0x000000072e400000| Untracked 
|  97|0x000000072e600000, 0x000000072e600000, 0x000000072e800000|  0%| F|  |TAMS 0x000000072e600000, 0x000000072e600000| Untracked 
|  98|0x000000072e800000, 0x000000072e800000, 0x000000072ea00000|  0%| F|  |TAMS 0x000000072e800000, 0x000000072e800000| Untracked 
|  99|0x000000072ea00000, 0x000000072ea00000, 0x000000072ec00000|  0%| F|  |TAMS 0x000000072ea00000, 0x000000072ea00000| Untracked 
| 100|0x000000072ec00000, 0x000000072ec00000, 0x000000072ee00000|  0%| F|  |TAMS 0x000000072ec00000, 0x000000072ec00000| Untracked 
| 101|0x000000072ee00000, 0x000000072ee00000, 0x000000072f000000|  0%| F|  |TAMS 0x000000072ee00000, 0x000000072ee00000| Untracked 
| 102|0x000000072f000000, 0x000000072f000000, 0x000000072f200000|  0%| F|  |TAMS 0x000000072f000000, 0x000000072f000000| Untracked 
| 103|0x000000072f200000, 0x000000072f200000, 0x000000072f400000|  0%| F|  |TAMS 0x000000072f200000, 0x000000072f200000| Untracked 
| 104|0x000000072f400000, 0x000000072f400000, 0x000000072f600000|  0%| F|  |TAMS 0x000000072f400000, 0x000000072f400000| Untracked 
| 105|0x000000072f600000, 0x000000072f600000, 0x000000072f800000|  0%| F|  |TAMS 0x000000072f600000, 0x000000072f600000| Untracked 
| 106|0x000000072f800000, 0x000000072f800000, 0x000000072fa00000|  0%| F|  |TAMS 0x000000072f800000, 0x000000072f800000| Untracked 
| 107|0x000000072fa00000, 0x000000072fa00000, 0x000000072fc00000|  0%| F|  |TAMS 0x000000072fa00000, 0x000000072fa00000| Untracked 
| 108|0x000000072fc00000, 0x000000072fc00000, 0x000000072fe00000|  0%| F|  |TAMS 0x000000072fc00000, 0x000000072fc00000| Untracked 
| 109|0x000000072fe00000, 0x000000072fe00000, 0x0000000730000000|  0%| F|  |TAMS 0x000000072fe00000, 0x000000072fe00000| Untracked 
| 110|0x0000000730000000, 0x0000000730000000, 0x0000000730200000|  0%| F|  |TAMS 0x0000000730000000, 0x0000000730000000| Untracked 
| 111|0x0000000730200000, 0x0000000730200000, 0x0000000730400000|  0%| F|  |TAMS 0x0000000730200000, 0x0000000730200000| Untracked 
| 112|0x0000000730400000, 0x0000000730400000, 0x0000000730600000|  0%| F|  |TAMS 0x0000000730400000, 0x0000000730400000| Untracked 
| 113|0x0000000730600000, 0x0000000730600000, 0x0000000730800000|  0%| F|  |TAMS 0x0000000730600000, 0x0000000730600000| Untracked 
| 114|0x0000000730800000, 0x0000000730800000, 0x0000000730a00000|  0%| F|  |TAMS 0x0000000730800000, 0x0000000730800000| Untracked 
| 115|0x0000000730a00000, 0x0000000730a00000, 0x0000000730c00000|  0%| F|  |TAMS 0x0000000730a00000, 0x0000000730a00000| Untracked 
| 116|0x0000000730c00000, 0x0000000730c00000, 0x0000000730e00000|  0%| F|  |TAMS 0x0000000730c00000, 0x0000000730c00000| Untracked 
| 117|0x0000000730e00000, 0x0000000730e00000, 0x0000000731000000|  0%| F|  |TAMS 0x0000000730e00000, 0x0000000730e00000| Untracked 
| 118|0x0000000731000000, 0x0000000731000000, 0x0000000731200000|  0%| F|  |TAMS 0x0000000731000000, 0x0000000731000000| Untracked 
| 119|0x0000000731200000, 0x0000000731200000, 0x0000000731400000|  0%| F|  |TAMS 0x0000000731200000, 0x0000000731200000| Untracked 
| 120|0x0000000731400000, 0x0000000731400000, 0x0000000731600000|  0%| F|  |TAMS 0x0000000731400000, 0x0000000731400000| Untracked 
| 121|0x0000000731600000, 0x0000000731600000, 0x0000000731800000|  0%| F|  |TAMS 0x0000000731600000, 0x0000000731600000| Untracked 
| 122|0x0000000731800000, 0x0000000731800000, 0x0000000731a00000|  0%| F|  |TAMS 0x0000000731800000, 0x0000000731800000| Untracked 
| 123|0x0000000731a00000, 0x0000000731a00000, 0x0000000731c00000|  0%| F|  |TAMS 0x0000000731a00000, 0x0000000731a00000| Untracked 
| 124|0x0000000731c00000, 0x0000000731c00000, 0x0000000731e00000|  0%| F|  |TAMS 0x0000000731c00000, 0x0000000731c00000| Untracked 
| 125|0x0000000731e00000, 0x0000000731e00000, 0x0000000732000000|  0%| F|  |TAMS 0x0000000731e00000, 0x0000000731e00000| Untracked 
| 126|0x0000000732000000, 0x0000000732000000, 0x0000000732200000|  0%| F|  |TAMS 0x0000000732000000, 0x0000000732000000| Untracked 
| 127|0x0000000732200000, 0x0000000732200000, 0x0000000732400000|  0%| F|  |TAMS 0x0000000732200000, 0x0000000732200000| Untracked 
| 128|0x0000000732400000, 0x0000000732400000, 0x0000000732600000|  0%| F|  |TAMS 0x0000000732400000, 0x0000000732400000| Untracked 
| 129|0x0000000732600000, 0x0000000732600000, 0x0000000732800000|  0%| F|  |TAMS 0x0000000732600000, 0x0000000732600000| Untracked 
| 130|0x0000000732800000, 0x0000000732800000, 0x0000000732a00000|  0%| F|  |TAMS 0x0000000732800000, 0x0000000732800000| Untracked 
| 131|0x0000000732a00000, 0x0000000732a00000, 0x0000000732c00000|  0%| F|  |TAMS 0x0000000732a00000, 0x0000000732a00000| Untracked 
| 132|0x0000000732c00000, 0x0000000732c00000, 0x0000000732e00000|  0%| F|  |TAMS 0x0000000732c00000, 0x0000000732c00000| Untracked 
| 133|0x0000000732e00000, 0x0000000732e00000, 0x0000000733000000|  0%| F|  |TAMS 0x0000000732e00000, 0x0000000732e00000| Untracked 
| 134|0x0000000733000000, 0x0000000733000000, 0x0000000733200000|  0%| F|  |TAMS 0x0000000733000000, 0x0000000733000000| Untracked 
| 135|0x0000000733200000, 0x0000000733200000, 0x0000000733400000|  0%| F|  |TAMS 0x0000000733200000, 0x0000000733200000| Untracked 
| 136|0x0000000733400000, 0x0000000733400000, 0x0000000733600000|  0%| F|  |TAMS 0x0000000733400000, 0x0000000733400000| Untracked 
| 137|0x0000000733600000, 0x0000000733600000, 0x0000000733800000|  0%| F|  |TAMS 0x0000000733600000, 0x0000000733600000| Untracked 
| 138|0x0000000733800000, 0x0000000733800000, 0x0000000733a00000|  0%| F|  |TAMS 0x0000000733800000, 0x0000000733800000| Untracked 
| 139|0x0000000733a00000, 0x0000000733a00000, 0x0000000733c00000|  0%| F|  |TAMS 0x0000000733a00000, 0x0000000733a00000| Untracked 
| 140|0x0000000733c00000, 0x0000000733c00000, 0x0000000733e00000|  0%| F|  |TAMS 0x0000000733c00000, 0x0000000733c00000| Untracked 
| 141|0x0000000733e00000, 0x0000000733e00000, 0x0000000734000000|  0%| F|  |TAMS 0x0000000733e00000, 0x0000000733e00000| Untracked 
| 142|0x0000000734000000, 0x0000000734000000, 0x0000000734200000|  0%| F|  |TAMS 0x0000000734000000, 0x0000000734000000| Untracked 
| 143|0x0000000734200000, 0x0000000734200000, 0x0000000734400000|  0%| F|  |TAMS 0x0000000734200000, 0x0000000734200000| Untracked 
| 144|0x0000000734400000, 0x0000000734400000, 0x0000000734600000|  0%| F|  |TAMS 0x0000000734400000, 0x0000000734400000| Untracked 
| 145|0x0000000734600000, 0x0000000734600000, 0x0000000734800000|  0%| F|  |TAMS 0x0000000734600000, 0x0000000734600000| Untracked 
| 146|0x0000000734800000, 0x0000000734800000, 0x0000000734a00000|  0%| F|  |TAMS 0x0000000734800000, 0x0000000734800000| Untracked 
| 147|0x0000000734a00000, 0x0000000734a00000, 0x0000000734c00000|  0%| F|  |TAMS 0x0000000734a00000, 0x0000000734a00000| Untracked 
| 148|0x0000000734c00000, 0x0000000734c00000, 0x0000000734e00000|  0%| F|  |TAMS 0x0000000734c00000, 0x0000000734c00000| Untracked 
| 149|0x0000000734e00000, 0x0000000734e00000, 0x0000000735000000|  0%| F|  |TAMS 0x0000000734e00000, 0x0000000734e00000| Untracked 
| 150|0x0000000735000000, 0x0000000735000000, 0x0000000735200000|  0%| F|  |TAMS 0x0000000735000000, 0x0000000735000000| Untracked 
| 151|0x0000000735200000, 0x0000000735200000, 0x0000000735400000|  0%| F|  |TAMS 0x0000000735200000, 0x0000000735200000| Untracked 
| 152|0x0000000735400000, 0x0000000735400000, 0x0000000735600000|  0%| F|  |TAMS 0x0000000735400000, 0x0000000735400000| Untracked 
| 153|0x0000000735600000, 0x0000000735600000, 0x0000000735800000|  0%| F|  |TAMS 0x0000000735600000, 0x0000000735600000| Untracked 
| 154|0x0000000735800000, 0x0000000735800000, 0x0000000735a00000|  0%| F|  |TAMS 0x0000000735800000, 0x0000000735800000| Untracked 
| 155|0x0000000735a00000, 0x0000000735a00000, 0x0000000735c00000|  0%| F|  |TAMS 0x0000000735a00000, 0x0000000735a00000| Untracked 
| 156|0x0000000735c00000, 0x0000000735c00000, 0x0000000735e00000|  0%| F|  |TAMS 0x0000000735c00000, 0x0000000735c00000| Untracked 
| 157|0x0000000735e00000, 0x0000000735e00000, 0x0000000736000000|  0%| F|  |TAMS 0x0000000735e00000, 0x0000000735e00000| Untracked 
| 158|0x0000000736000000, 0x0000000736000000, 0x0000000736200000|  0%| F|  |TAMS 0x0000000736000000, 0x0000000736000000| Untracked 
| 159|0x0000000736200000, 0x0000000736200000, 0x0000000736400000|  0%| F|  |TAMS 0x0000000736200000, 0x0000000736200000| Untracked 
| 160|0x0000000736400000, 0x0000000736400000, 0x0000000736600000|  0%| F|  |TAMS 0x0000000736400000, 0x0000000736400000| Untracked 
| 161|0x0000000736600000, 0x0000000736600000, 0x0000000736800000|  0%| F|  |TAMS 0x0000000736600000, 0x0000000736600000| Untracked 
| 162|0x0000000736800000, 0x0000000736800000, 0x0000000736a00000|  0%| F|  |TAMS 0x0000000736800000, 0x0000000736800000| Untracked 
| 163|0x0000000736a00000, 0x0000000736a00000, 0x0000000736c00000|  0%| F|  |TAMS 0x0000000736a00000, 0x0000000736a00000| Untracked 
| 164|0x0000000736c00000, 0x0000000736c00000, 0x0000000736e00000|  0%| F|  |TAMS 0x0000000736c00000, 0x0000000736c00000| Untracked 
| 165|0x0000000736e00000, 0x0000000736e00000, 0x0000000737000000|  0%| F|  |TAMS 0x0000000736e00000, 0x0000000736e00000| Untracked 
| 166|0x0000000737000000, 0x0000000737000000, 0x0000000737200000|  0%| F|  |TAMS 0x0000000737000000, 0x0000000737000000| Untracked 
| 167|0x0000000737200000, 0x0000000737200000, 0x0000000737400000|  0%| F|  |TAMS 0x0000000737200000, 0x0000000737200000| Untracked 
| 168|0x0000000737400000, 0x0000000737400000, 0x0000000737600000|  0%| F|  |TAMS 0x0000000737400000, 0x0000000737400000| Untracked 
| 169|0x0000000737600000, 0x0000000737600000, 0x0000000737800000|  0%| F|  |TAMS 0x0000000737600000, 0x0000000737600000| Untracked 
| 170|0x0000000737800000, 0x0000000737800000, 0x0000000737a00000|  0%| F|  |TAMS 0x0000000737800000, 0x0000000737800000| Untracked 
| 171|0x0000000737a00000, 0x0000000737a00000, 0x0000000737c00000|  0%| F|  |TAMS 0x0000000737a00000, 0x0000000737a00000| Untracked 
| 172|0x0000000737c00000, 0x0000000737c00000, 0x0000000737e00000|  0%| F|  |TAMS 0x0000000737c00000, 0x0000000737c00000| Untracked 
| 173|0x0000000737e00000, 0x0000000737e00000, 0x0000000738000000|  0%| F|  |TAMS 0x0000000737e00000, 0x0000000737e00000| Untracked 
| 174|0x0000000738000000, 0x0000000738000000, 0x0000000738200000|  0%| F|  |TAMS 0x0000000738000000, 0x0000000738000000| Untracked 
| 175|0x0000000738200000, 0x0000000738200000, 0x0000000738400000|  0%| F|  |TAMS 0x0000000738200000, 0x0000000738200000| Untracked 
| 176|0x0000000738400000, 0x0000000738400000, 0x0000000738600000|  0%| F|  |TAMS 0x0000000738400000, 0x0000000738400000| Untracked 
| 177|0x0000000738600000, 0x0000000738600000, 0x0000000738800000|  0%| F|  |TAMS 0x0000000738600000, 0x0000000738600000| Untracked 
| 178|0x0000000738800000, 0x0000000738800000, 0x0000000738a00000|  0%| F|  |TAMS 0x0000000738800000, 0x0000000738800000| Untracked 
| 179|0x0000000738a00000, 0x0000000738b00800, 0x0000000738c00000| 50%| E|  |TAMS 0x0000000738a00000, 0x0000000738a00000| Complete 
| 180|0x0000000738c00000, 0x0000000738e00000, 0x0000000738e00000|100%| E|CS|TAMS 0x0000000738c00000, 0x0000000738c00000| Complete 
| 181|0x0000000738e00000, 0x0000000739000000, 0x0000000739000000|100%| E|CS|TAMS 0x0000000738e00000, 0x0000000738e00000| Complete 
| 182|0x0000000739000000, 0x0000000739200000, 0x0000000739200000|100%| E|CS|TAMS 0x0000000739000000, 0x0000000739000000| Complete 
| 183|0x0000000739200000, 0x0000000739400000, 0x0000000739400000|100%| E|CS|TAMS 0x0000000739200000, 0x0000000739200000| Complete 
| 184|0x0000000739400000, 0x0000000739600000, 0x0000000739600000|100%| E|CS|TAMS 0x0000000739400000, 0x0000000739400000| Complete 
| 185|0x0000000739600000, 0x0000000739800000, 0x0000000739800000|100%| E|CS|TAMS 0x0000000739600000, 0x0000000739600000| Complete 
| 186|0x0000000739800000, 0x0000000739a00000, 0x0000000739a00000|100%| E|CS|TAMS 0x0000000739800000, 0x0000000739800000| Complete 
| 187|0x0000000739a00000, 0x0000000739c00000, 0x0000000739c00000|100%| E|CS|TAMS 0x0000000739a00000, 0x0000000739a00000| Complete 
| 188|0x0000000739c00000, 0x0000000739e00000, 0x0000000739e00000|100%| E|CS|TAMS 0x0000000739c00000, 0x0000000739c00000| Complete 
| 189|0x0000000739e00000, 0x000000073a000000, 0x000000073a000000|100%| E|CS|TAMS 0x0000000739e00000, 0x0000000739e00000| Complete 
| 190|0x000000073a000000, 0x000000073a200000, 0x000000073a200000|100%| E|CS|TAMS 0x000000073a000000, 0x000000073a000000| Complete 
| 191|0x000000073a200000, 0x000000073a400000, 0x000000073a400000|100%| E|CS|TAMS 0x000000073a200000, 0x000000073a200000| Complete 
| 192|0x000000073a400000, 0x000000073a600000, 0x000000073a600000|100%| E|CS|TAMS 0x000000073a400000, 0x000000073a400000| Complete 
| 193|0x000000073a600000, 0x000000073a800000, 0x000000073a800000|100%| E|CS|TAMS 0x000000073a600000, 0x000000073a600000| Complete 
| 194|0x000000073a800000, 0x000000073aa00000, 0x000000073aa00000|100%| E|CS|TAMS 0x000000073a800000, 0x000000073a800000| Complete 
| 195|0x000000073aa00000, 0x000000073ac00000, 0x000000073ac00000|100%| E|CS|TAMS 0x000000073aa00000, 0x000000073aa00000| Complete 
| 196|0x000000073ac00000, 0x000000073ae00000, 0x000000073ae00000|100%| E|CS|TAMS 0x000000073ac00000, 0x000000073ac00000| Complete 
| 197|0x000000073ae00000, 0x000000073b000000, 0x000000073b000000|100%| E|CS|TAMS 0x000000073ae00000, 0x000000073ae00000| Complete 
| 198|0x000000073b000000, 0x000000073b200000, 0x000000073b200000|100%| E|CS|TAMS 0x000000073b000000, 0x000000073b000000| Complete 
| 199|0x000000073b200000, 0x000000073b400000, 0x000000073b400000|100%| E|CS|TAMS 0x000000073b200000, 0x000000073b200000| Complete 
| 200|0x000000073b400000, 0x000000073b600000, 0x000000073b600000|100%| E|CS|TAMS 0x000000073b400000, 0x000000073b400000| Complete 
| 201|0x000000073b600000, 0x000000073b800000, 0x000000073b800000|100%| E|CS|TAMS 0x000000073b600000, 0x000000073b600000| Complete 
| 202|0x000000073b800000, 0x000000073ba00000, 0x000000073ba00000|100%| E|CS|TAMS 0x000000073b800000, 0x000000073b800000| Complete 
| 203|0x000000073ba00000, 0x000000073bc00000, 0x000000073bc00000|100%| E|CS|TAMS 0x000000073ba00000, 0x000000073ba00000| Complete 
| 204|0x000000073bc00000, 0x000000073be00000, 0x000000073be00000|100%| E|CS|TAMS 0x000000073bc00000, 0x000000073bc00000| Complete 
| 205|0x000000073be00000, 0x000000073c000000, 0x000000073c000000|100%| E|CS|TAMS 0x000000073be00000, 0x000000073be00000| Complete 
| 206|0x000000073c000000, 0x000000073c200000, 0x000000073c200000|100%| E|CS|TAMS 0x000000073c000000, 0x000000073c000000| Complete 
| 207|0x000000073c200000, 0x000000073c400000, 0x000000073c400000|100%| E|CS|TAMS 0x000000073c200000, 0x000000073c200000| Complete 
| 208|0x000000073c400000, 0x000000073c600000, 0x000000073c600000|100%| E|CS|TAMS 0x000000073c400000, 0x000000073c400000| Complete 
| 209|0x000000073c600000, 0x000000073c800000, 0x000000073c800000|100%| E|CS|TAMS 0x000000073c600000, 0x000000073c600000| Complete 
| 210|0x000000073c800000, 0x000000073ca00000, 0x000000073ca00000|100%| E|CS|TAMS 0x000000073c800000, 0x000000073c800000| Complete 
| 211|0x000000073ca00000, 0x000000073cc00000, 0x000000073cc00000|100%| E|CS|TAMS 0x000000073ca00000, 0x000000073ca00000| Complete 
| 212|0x000000073cc00000, 0x000000073ce00000, 0x000000073ce00000|100%| E|CS|TAMS 0x000000073cc00000, 0x000000073cc00000| Complete 
| 213|0x000000073ce00000, 0x000000073d000000, 0x000000073d000000|100%| E|CS|TAMS 0x000000073ce00000, 0x000000073ce00000| Complete 
| 214|0x000000073d000000, 0x000000073d200000, 0x000000073d200000|100%| E|CS|TAMS 0x000000073d000000, 0x000000073d000000| Complete 
| 215|0x000000073d200000, 0x000000073d400000, 0x000000073d400000|100%| E|CS|TAMS 0x000000073d200000, 0x000000073d200000| Complete 
| 216|0x000000073d400000, 0x000000073d600000, 0x000000073d600000|100%| E|CS|TAMS 0x000000073d400000, 0x000000073d400000| Complete 
| 217|0x000000073d600000, 0x000000073d800000, 0x000000073d800000|100%| E|CS|TAMS 0x000000073d600000, 0x000000073d600000| Complete 
| 218|0x000000073d800000, 0x000000073da00000, 0x000000073da00000|100%| E|CS|TAMS 0x000000073d800000, 0x000000073d800000| Complete 
| 219|0x000000073da00000, 0x000000073dc00000, 0x000000073dc00000|100%| E|CS|TAMS 0x000000073da00000, 0x000000073da00000| Complete 
| 220|0x000000073dc00000, 0x000000073de00000, 0x000000073de00000|100%| E|CS|TAMS 0x000000073dc00000, 0x000000073dc00000| Complete 
| 221|0x000000073de00000, 0x000000073e000000, 0x000000073e000000|100%| E|CS|TAMS 0x000000073de00000, 0x000000073de00000| Complete 
| 222|0x000000073e000000, 0x000000073e200000, 0x000000073e200000|100%| E|CS|TAMS 0x000000073e000000, 0x000000073e000000| Complete 
| 223|0x000000073e200000, 0x000000073e400000, 0x000000073e400000|100%| E|CS|TAMS 0x000000073e200000, 0x000000073e200000| Complete 
| 224|0x000000073e400000, 0x000000073e600000, 0x000000073e600000|100%| E|CS|TAMS 0x000000073e400000, 0x000000073e400000| Complete 
| 225|0x000000073e600000, 0x000000073e800000, 0x000000073e800000|100%| E|CS|TAMS 0x000000073e600000, 0x000000073e600000| Complete 
| 226|0x000000073e800000, 0x000000073ea00000, 0x000000073ea00000|100%| E|CS|TAMS 0x000000073e800000, 0x000000073e800000| Complete 
| 227|0x000000073ea00000, 0x000000073ec00000, 0x000000073ec00000|100%| E|CS|TAMS 0x000000073ea00000, 0x000000073ea00000| Complete 
| 228|0x000000073ec00000, 0x000000073ee00000, 0x000000073ee00000|100%| E|CS|TAMS 0x000000073ec00000, 0x000000073ec00000| Complete 
| 229|0x000000073ee00000, 0x000000073f000000, 0x000000073f000000|100%| E|CS|TAMS 0x000000073ee00000, 0x000000073ee00000| Complete 
| 230|0x000000073f000000, 0x000000073f200000, 0x000000073f200000|100%| E|CS|TAMS 0x000000073f000000, 0x000000073f000000| Complete 
| 231|0x000000073f200000, 0x000000073f400000, 0x000000073f400000|100%| E|CS|TAMS 0x000000073f200000, 0x000000073f200000| Complete 
| 232|0x000000073f400000, 0x000000073f600000, 0x000000073f600000|100%| E|CS|TAMS 0x000000073f400000, 0x000000073f400000| Complete 
| 233|0x000000073f600000, 0x000000073f800000, 0x000000073f800000|100%| E|CS|TAMS 0x000000073f600000, 0x000000073f600000| Complete 
| 234|0x000000073f800000, 0x000000073fa00000, 0x000000073fa00000|100%| E|CS|TAMS 0x000000073f800000, 0x000000073f800000| Complete 
| 235|0x000000073fa00000, 0x000000073fc00000, 0x000000073fc00000|100%| E|CS|TAMS 0x000000073fa00000, 0x000000073fa00000| Complete 
| 236|0x000000073fc00000, 0x000000073fe00000, 0x000000073fe00000|100%| E|CS|TAMS 0x000000073fc00000, 0x000000073fc00000| Complete 
| 237|0x000000073fe00000, 0x0000000740000000, 0x0000000740000000|100%| E|CS|TAMS 0x000000073fe00000, 0x000000073fe00000| Complete 
| 238|0x0000000740000000, 0x0000000740200000, 0x0000000740200000|100%| E|CS|TAMS 0x0000000740000000, 0x0000000740000000| Complete 
| 239|0x0000000740200000, 0x0000000740400000, 0x0000000740400000|100%| E|CS|TAMS 0x0000000740200000, 0x0000000740200000| Complete 
| 240|0x0000000740400000, 0x0000000740600000, 0x0000000740600000|100%| E|CS|TAMS 0x0000000740400000, 0x0000000740400000| Complete 
| 241|0x0000000740600000, 0x0000000740800000, 0x0000000740800000|100%| E|CS|TAMS 0x0000000740600000, 0x0000000740600000| Complete 
| 242|0x0000000740800000, 0x0000000740a00000, 0x0000000740a00000|100%| E|CS|TAMS 0x0000000740800000, 0x0000000740800000| Complete 
| 243|0x0000000740a00000, 0x0000000740c00000, 0x0000000740c00000|100%| E|CS|TAMS 0x0000000740a00000, 0x0000000740a00000| Complete 
| 244|0x0000000740c00000, 0x0000000740e00000, 0x0000000740e00000|100%| E|CS|TAMS 0x0000000740c00000, 0x0000000740c00000| Complete 
| 245|0x0000000740e00000, 0x0000000741000000, 0x0000000741000000|100%| E|CS|TAMS 0x0000000740e00000, 0x0000000740e00000| Complete 
| 246|0x0000000741000000, 0x0000000741200000, 0x0000000741200000|100%| E|CS|TAMS 0x0000000741000000, 0x0000000741000000| Complete 
| 247|0x0000000741200000, 0x0000000741400000, 0x0000000741400000|100%| E|CS|TAMS 0x0000000741200000, 0x0000000741200000| Complete 
| 248|0x0000000741400000, 0x0000000741600000, 0x0000000741600000|100%| E|CS|TAMS 0x0000000741400000, 0x0000000741400000| Complete 
| 249|0x0000000741600000, 0x0000000741800000, 0x0000000741800000|100%| E|CS|TAMS 0x0000000741600000, 0x0000000741600000| Complete 
| 250|0x0000000741800000, 0x0000000741a00000, 0x0000000741a00000|100%| E|CS|TAMS 0x0000000741800000, 0x0000000741800000| Complete 
| 253|0x0000000741e00000, 0x0000000742000000, 0x0000000742000000|100%| E|CS|TAMS 0x0000000741e00000, 0x0000000741e00000| Complete 
| 254|0x0000000742000000, 0x0000000742200000, 0x0000000742200000|100%| E|CS|TAMS 0x0000000742000000, 0x0000000742000000| Complete 
| 255|0x0000000742200000, 0x0000000742400000, 0x0000000742400000|100%| E|CS|TAMS 0x0000000742200000, 0x0000000742200000| Complete 
| 256|0x0000000742400000, 0x0000000742600000, 0x0000000742600000|100%| E|CS|TAMS 0x0000000742400000, 0x0000000742400000| Complete 
| 257|0x0000000742600000, 0x0000000742800000, 0x0000000742800000|100%| E|CS|TAMS 0x0000000742600000, 0x0000000742600000| Complete 
| 258|0x0000000742800000, 0x0000000742a00000, 0x0000000742a00000|100%| E|CS|TAMS 0x0000000742800000, 0x0000000742800000| Complete 

Card table byte_map: [0x000002021c850000,0x000002021cf40000] _byte_map_base: 0x0000020218f3e000

Marking Bits (Prev, Next): (CMBitMap*) 0x000002020946e520, (CMBitMap*) 0x000002020946e4e0
 Prev Bits: [0x0000020220da0000, 0x0000020224510000)
 Next Bits: [0x000002021d630000, 0x0000020220da0000)

Polling page: 0x0000020208bd0000

Metaspace:

Usage:
  Non-class:     81.11 MB used.
      Class:      9.98 MB used.
       Both:     91.09 MB used.

Virtual space:
  Non-class space:      128.00 MB reserved,      81.25 MB ( 63%) committed,  2 nodes.
      Class space:        1.00 GB reserved,      10.12 MB ( <1%) committed,  1 nodes.
             Both:        1.12 GB reserved,      91.38 MB (  8%) committed. 

Chunk freelists:
   Non-Class:  14.38 MB
       Class:  5.89 MB
        Both:  20.27 MB

MaxMetaspaceSize: unlimited
CompressedClassSpaceSize: 1.00 GB
Initial GC threshold: 21.00 MB
Current GC threshold: 134.06 MB
CDS: off
MetaspaceReclaimPolicy: balanced
 - commit_granule_bytes: 65536.
 - commit_granule_words: 8192.
 - virtual_space_node_default_size: 8388608.
 - enlarge_chunks_in_place: 1.
 - new_chunks_are_fully_committed: 0.
 - uncommit_free_chunks: 1.
 - use_allocation_guard: 0.
 - handle_deallocations: 1.


Internal statistics:

num_allocs_failed_limit: 3.
num_arena_births: 492.
num_arena_deaths: 0.
num_vsnodes_births: 3.
num_vsnodes_deaths: 0.
num_space_committed: 1461.
num_space_uncommitted: 0.
num_chunks_returned_to_freelist: 3.
num_chunks_taken_from_freelist: 3592.
num_chunk_merges: 3.
num_chunk_splits: 2907.
num_chunks_enlarged: 2520.
num_inconsistent_stats: 0.

CodeHeap 'non-profiled nmethods': size=119168Kb used=9001Kb max_used=9131Kb free=110166Kb
 bounds [0x0000020214480000, 0x0000020214d70000, 0x000002021b8e0000]
CodeHeap 'profiled nmethods': size=119104Kb used=53402Kb max_used=53402Kb free=65702Kb
 bounds [0x000002020c8e0000, 0x000002020fd10000, 0x0000020213d30000]
CodeHeap 'non-nmethods': size=7488Kb used=3100Kb max_used=3194Kb free=4387Kb
 bounds [0x0000020213d30000, 0x0000020214070000, 0x0000020214480000]
 total_blobs=17633 nmethods=16894 adapters=644
 compilation: enabled
              stopped_count=0, restarted_count=0
 full_count=0

Compilation events (20 events):
Event: 16.309 Thread 0x000002022c25a140 nmethod 20399 0x000002020fcf5110 code [0x000002020fcf52c0, 0x000002020fcf55a8]
Event: 16.309 Thread 0x000002022c25a140 20403       3       org.jetbrains.kotlin.backend.jvm.JvmIrTypeSystemContext::asCapturedType (6 bytes)
Event: 16.310 Thread 0x00000202277a3dc0 nmethod 20401 0x000002020fcf5690 code [0x000002020fcf58a0, 0x000002020fcf5e98]
Event: 16.310 Thread 0x000002022c25a140 nmethod 20403 0x000002020fcf6110 code [0x000002020fcf6340, 0x000002020fcf6cb8]
Event: 16.310 Thread 0x00000202278f4930 nmethod 20402 0x000002020fcf6f90 code [0x000002020fcf71a0, 0x000002020fcf7718]
Event: 16.310 Thread 0x000002022c099f90 nmethod 20400 0x000002020fcf7990 code [0x000002020fcf7bc0, 0x000002020fcf8348]
Event: 16.310 Thread 0x00000202277a3dc0 20404       3       org.jetbrains.kotlin.ir.types.IrTypeSystemContext$DefaultImpls::asCapturedType (25 bytes)
Event: 16.310 Thread 0x000002022c099f90 20405       3       org.jetbrains.kotlin.backend.jvm.JvmIrTypeSystemContext::isAnyConstructor (6 bytes)
Event: 16.310 Thread 0x000002022c25a140 20406       3       org.jetbrains.kotlin.ir.types.IrTypeSystemContext$DefaultImpls::isAnyConstructor (32 bytes)
Event: 16.310 Thread 0x00000202278f4930 20407       3       org.jetbrains.kotlin.backend.jvm.JvmIrTypeSystemContext::isCommonFinalClassConstructor (6 bytes)
Event: 16.310 Thread 0x00000202278f4930 nmethod 20407 0x000002020fcf8610 code [0x000002020fcf87a0, 0x000002020fcf88c8]
Event: 16.310 Thread 0x00000202278f4930 20408       3       org.jetbrains.kotlin.ir.types.IrTypeSystemContext$DefaultImpls::isCommonFinalClassConstructor (79 bytes)
Event: 16.310 Thread 0x00000202277a3dc0 nmethod 20404 0x000002020fcf8990 code [0x000002020fcf8bc0, 0x000002020fcf94b8]
Event: 16.310 Thread 0x00000202277a3dc0 20409       3       org.jetbrains.kotlin.backend.jvm.JvmIrTypeSystemContext::isNothingConstructor (6 bytes)
Event: 16.310 Thread 0x000002022c25a140 nmethod 20406 0x000002020fcf9710 code [0x000002020fcf9940, 0x000002020fcfa1c8]
Event: 16.310 Thread 0x000002022c099f90 nmethod 20405 0x000002020fcfa410 code [0x000002020fcfa640, 0x000002020fcfaf48]
Event: 16.311 Thread 0x00000202278f4930 nmethod 20408 0x000002020fcfb210 code [0x000002020fcfb4a0, 0x000002020fcfc218]
Event: 16.311 Thread 0x000002022c25a140 20410       3       org.jetbrains.kotlin.ir.types.IrTypeSystemContext$DefaultImpls::isNothingConstructor (32 bytes)
Event: 16.311 Thread 0x00000202277a3dc0 nmethod 20409 0x000002020fcfc590 code [0x000002020fcfc7c0, 0x000002020fcfd0c8]
Event: 16.311 Thread 0x000002022c25a140 nmethod 20410 0x000002020fcfd390 code [0x000002020fcfd5c0, 0x000002020fcfde48]

GC Heap History (20 events):
Event: 7.953 GC heap before
{Heap before GC invocations=24 (full 0):
 garbage-first heap   total 180224K, used 133990K [0x0000000722400000, 0x0000000800000000)
  region size 2048K, 36 young (73728K), 2 survivors (4096K)
 Metaspace       used 66758K, committed 67072K, reserved 1114112K
  class space    used 7721K, committed 7872K, reserved 1048576K
}
Event: 7.964 GC heap after
{Heap after GC invocations=25 (full 0):
 garbage-first heap   total 180224K, used 73144K [0x0000000722400000, 0x0000000800000000)
  region size 2048K, 5 young (10240K), 5 survivors (10240K)
 Metaspace       used 66758K, committed 67072K, reserved 1114112K
  class space    used 7721K, committed 7872K, reserved 1048576K
}
Event: 9.242 GC heap before
{Heap before GC invocations=25 (full 0):
 garbage-first heap   total 180224K, used 136632K [0x0000000722400000, 0x0000000800000000)
  region size 2048K, 36 young (73728K), 5 survivors (10240K)
 Metaspace       used 69538K, committed 69888K, reserved 1114112K
  class space    used 7947K, committed 8128K, reserved 1048576K
}
Event: 9.257 GC heap after
{Heap after GC invocations=26 (full 0):
 garbage-first heap   total 180224K, used 83123K [0x0000000722400000, 0x0000000800000000)
  region size 2048K, 5 young (10240K), 5 survivors (10240K)
 Metaspace       used 69538K, committed 69888K, reserved 1114112K
  class space    used 7947K, committed 8128K, reserved 1048576K
}
Event: 10.252 GC heap before
{Heap before GC invocations=26 (full 0):
 garbage-first heap   total 180224K, used 140467K [0x0000000722400000, 0x0000000800000000)
  region size 2048K, 32 young (65536K), 5 survivors (10240K)
 Metaspace       used 70758K, committed 71040K, reserved 1114112K
  class space    used 8096K, committed 8256K, reserved 1048576K
}
Event: 10.265 GC heap after
{Heap after GC invocations=27 (full 0):
 garbage-first heap   total 180224K, used 92503K [0x0000000722400000, 0x0000000800000000)
  region size 2048K, 4 young (8192K), 4 survivors (8192K)
 Metaspace       used 70758K, committed 71040K, reserved 1114112K
  class space    used 8096K, committed 8256K, reserved 1048576K
}
Event: 11.180 GC heap before
{Heap before GC invocations=27 (full 0):
 garbage-first heap   total 180224K, used 139607K [0x0000000722400000, 0x0000000800000000)
  region size 2048K, 27 young (55296K), 4 survivors (8192K)
 Metaspace       used 71996K, committed 72256K, reserved 1114112K
  class space    used 8181K, committed 8320K, reserved 1048576K
}
Event: 11.190 GC heap after
{Heap after GC invocations=28 (full 0):
 garbage-first heap   total 223232K, used 96958K [0x0000000722400000, 0x0000000800000000)
  region size 2048K, 3 young (6144K), 3 survivors (6144K)
 Metaspace       used 71996K, committed 72256K, reserved 1114112K
  class space    used 8181K, committed 8320K, reserved 1048576K
}
Event: 12.467 GC heap before
{Heap before GC invocations=29 (full 0):
 garbage-first heap   total 223232K, used 174782K [0x0000000722400000, 0x0000000800000000)
  region size 2048K, 41 young (83968K), 3 survivors (6144K)
 Metaspace       used 78745K, committed 79040K, reserved 1179648K
  class space    used 8821K, committed 8960K, reserved 1048576K
}
Event: 12.479 GC heap after
{Heap after GC invocations=30 (full 0):
 garbage-first heap   total 223232K, used 106212K [0x0000000722400000, 0x0000000800000000)
  region size 2048K, 6 young (12288K), 6 survivors (12288K)
 Metaspace       used 78745K, committed 79040K, reserved 1179648K
  class space    used 8821K, committed 8960K, reserved 1048576K
}
Event: 12.498 GC heap before
{Heap before GC invocations=30 (full 0):
 garbage-first heap   total 223232K, used 108260K [0x0000000722400000, 0x0000000800000000)
  region size 2048K, 7 young (14336K), 6 survivors (12288K)
 Metaspace       used 78745K, committed 79040K, reserved 1179648K
  class space    used 8821K, committed 8960K, reserved 1048576K
}
Event: 12.507 GC heap after
{Heap after GC invocations=31 (full 0):
 garbage-first heap   total 223232K, used 108330K [0x0000000722400000, 0x0000000800000000)
  region size 2048K, 1 young (2048K), 1 survivors (2048K)
 Metaspace       used 78745K, committed 79040K, reserved 1179648K
  class space    used 8821K, committed 8960K, reserved 1048576K
}
Event: 13.265 GC heap before
{Heap before GC invocations=31 (full 0):
 garbage-first heap   total 223232K, used 175914K [0x0000000722400000, 0x0000000800000000)
  region size 2048K, 34 young (69632K), 1 survivors (2048K)
 Metaspace       used 80628K, committed 80960K, reserved 1179648K
  class space    used 9012K, committed 9152K, reserved 1048576K
}
Event: 13.279 GC heap after
{Heap after GC invocations=32 (full 0):
 garbage-first heap   total 223232K, used 121612K [0x0000000722400000, 0x0000000800000000)
  region size 2048K, 5 young (10240K), 5 survivors (10240K)
 Metaspace       used 80628K, committed 80960K, reserved 1179648K
  class space    used 9012K, committed 9152K, reserved 1048576K
}
Event: 13.597 GC heap before
{Heap before GC invocations=33 (full 0):
 garbage-first heap   total 223232K, used 176908K [0x0000000722400000, 0x0000000800000000)
  region size 2048K, 32 young (65536K), 5 survivors (10240K)
 Metaspace       used 81196K, committed 81536K, reserved 1179648K
  class space    used 9072K, committed 9216K, reserved 1048576K
}
Event: 13.608 GC heap after
{Heap after GC invocations=34 (full 0):
 garbage-first heap   total 223232K, used 127772K [0x0000000722400000, 0x0000000800000000)
  region size 2048K, 3 young (6144K), 3 survivors (6144K)
 Metaspace       used 81196K, committed 81536K, reserved 1179648K
  class space    used 9072K, committed 9216K, reserved 1048576K
}
Event: 13.629 GC heap before
{Heap before GC invocations=34 (full 0):
 garbage-first heap   total 223232K, used 131868K [0x0000000722400000, 0x0000000800000000)
  region size 2048K, 5 young (10240K), 3 survivors (6144K)
 Metaspace       used 81197K, committed 81536K, reserved 1179648K
  class space    used 9072K, committed 9216K, reserved 1048576K
}
Event: 13.639 GC heap after
{Heap after GC invocations=35 (full 0):
 garbage-first heap   total 223232K, used 127402K [0x0000000722400000, 0x0000000800000000)
  region size 2048K, 1 young (2048K), 1 survivors (2048K)
 Metaspace       used 81197K, committed 81536K, reserved 1179648K
  class space    used 9072K, committed 9216K, reserved 1048576K
}
Event: 14.106 GC heap before
{Heap before GC invocations=35 (full 0):
 garbage-first heap   total 223232K, used 178602K [0x0000000722400000, 0x0000000800000000)
  region size 2048K, 26 young (53248K), 1 survivors (2048K)
 Metaspace       used 81963K, committed 82304K, reserved 1179648K
  class space    used 9151K, committed 9344K, reserved 1048576K
}
Event: 14.119 GC heap after
{Heap after GC invocations=36 (full 0):
 garbage-first heap   total 530432K, used 143894K [0x0000000722400000, 0x0000000800000000)
  region size 2048K, 4 young (8192K), 4 survivors (8192K)
 Metaspace       used 81963K, committed 82304K, reserved 1179648K
  class space    used 9151K, committed 9344K, reserved 1048576K
}

Dll operation events (2 events):
Event: 0.007 Loaded shared library C:\Program Files\Android\Android Studio2\jbr\bin\java.dll
Event: 1.556 Loaded shared library C:\Program Files\Android\Android Studio2\jbr\bin\verify.dll

Deoptimization events (20 events):
Event: 16.148 Thread 0x0000020209409320 DEOPT PACKING pc=0x00000202147199c8 sp=0x0000007f672fc840
Event: 16.148 Thread 0x0000020209409320 DEOPT UNPACKING pc=0x0000020213d869a3 sp=0x0000007f672fc698 mode 2
Event: 16.149 Thread 0x0000020209409320 Uncommon trap: trap_request=0xffffffde fr.pc=0x0000020214c5952c relative=0x000000000000008c
Event: 16.149 Thread 0x0000020209409320 Uncommon trap: reason=class_check action=maybe_recompile pc=0x0000020214c5952c method=org.jetbrains.kotlin.ir.declarations.IrValueParameter.acceptChildren(Lorg/jetbrains/kotlin/ir/visitors/IrElementVisitor;Ljava/lang/Object;)V @ 7 c2
Event: 16.149 Thread 0x0000020209409320 DEOPT PACKING pc=0x0000020214c5952c sp=0x0000007f672fc370
Event: 16.149 Thread 0x0000020209409320 DEOPT UNPACKING pc=0x0000020213d869a3 sp=0x0000007f672fc308 mode 2
Event: 16.166 Thread 0x0000020209409320 Uncommon trap: trap_request=0xffffff66 fr.pc=0x0000020214961f74 relative=0x0000000000000514
Event: 16.166 Thread 0x0000020209409320 Uncommon trap: reason=speculate_class_check action=maybe_recompile pc=0x0000020214961f74 method=org.jetbrains.kotlin.ir.util.AdditionalIrUtilsKt.getConstructedClass(Lorg/jetbrains/kotlin/ir/declarations/IrConstructor;)Lorg/jetbrains/kotlin/ir/declarations
Event: 16.166 Thread 0x0000020209409320 DEOPT PACKING pc=0x0000020214961f74 sp=0x0000007f672fca40
Event: 16.166 Thread 0x0000020209409320 DEOPT UNPACKING pc=0x0000020213d869a3 sp=0x0000007f672fc928 mode 2
Event: 16.193 Thread 0x0000020209409320 Uncommon trap: trap_request=0xffffff66 fr.pc=0x0000020214961f74 relative=0x0000000000000514
Event: 16.193 Thread 0x0000020209409320 Uncommon trap: reason=speculate_class_check action=maybe_recompile pc=0x0000020214961f74 method=org.jetbrains.kotlin.ir.util.AdditionalIrUtilsKt.getConstructedClass(Lorg/jetbrains/kotlin/ir/declarations/IrConstructor;)Lorg/jetbrains/kotlin/ir/declarations
Event: 16.193 Thread 0x0000020209409320 DEOPT PACKING pc=0x0000020214961f74 sp=0x0000007f672fc960
Event: 16.193 Thread 0x0000020209409320 DEOPT UNPACKING pc=0x0000020213d869a3 sp=0x0000007f672fc848 mode 2
Event: 16.263 Thread 0x0000020209409320 Uncommon trap: trap_request=0xffffff66 fr.pc=0x000002021471aed0 relative=0x0000000000000250
Event: 16.263 Thread 0x0000020209409320 Uncommon trap: reason=speculate_class_check action=maybe_recompile pc=0x000002021471aed0 method=org.jetbrains.kotlin.ir.util.DeepCopySymbolRemapper.visitSimpleFunction(Lorg/jetbrains/kotlin/ir/declarations/IrSimpleFunction;)V @ 24 c2
Event: 16.263 Thread 0x0000020209409320 DEOPT PACKING pc=0x000002021471aed0 sp=0x0000007f672fc730
Event: 16.263 Thread 0x0000020209409320 DEOPT UNPACKING pc=0x0000020213d869a3 sp=0x0000007f672fc698 mode 2
Event: 16.300 Thread 0x0000020209409320 DEOPT PACKING pc=0x00000202148a540c sp=0x0000007f672fc2a0
Event: 16.300 Thread 0x0000020209409320 DEOPT UNPACKING pc=0x0000020213d87143 sp=0x0000007f672fb790 mode 0

Classes unloaded (0 events):
No events

Classes redefined (0 events):
No events

Internal exceptions (20 events):
Event: 6.594 Thread 0x0000020209409320 Exception <a 'java/lang/NoSuchMethodError'{0x000000072c737570}: 'java.lang.Object java.lang.invoke.DirectMethodHandle$Holder.newInvokeSpecial(java.lang.Object, java.lang.Object, java.lang.Object, java.lang.Object, int)'> (0x000000072c737570) 
thrown [s\src\hotspot\share\interpreter\linkResolver.cpp, line 771]
Event: 6.594 Thread 0x0000020209409320 Exception <a 'java/lang/NoSuchMethodError'{0x000000072c73f640}: 'java.lang.Object java.lang.invoke.Invokers$Holder.linkToTargetMethod(java.lang.Object, java.lang.Object, java.lang.Object, int, java.lang.Object)'> (0x000000072c73f640) 
thrown [s\src\hotspot\share\interpreter\linkResolver.cpp, line 771]
Event: 6.643 Thread 0x0000020209409320 Exception <a 'java/lang/NoSuchMethodError'{0x000000072c4fb820}: 'void java.lang.invoke.DirectMethodHandle$Holder.invokeInterface(java.lang.Object, java.lang.Object)'> (0x000000072c4fb820) 
thrown [s\src\hotspot\share\interpreter\linkResolver.cpp, line 771]
Event: 6.693 Thread 0x0000020209409320 Exception <a 'java/lang/IncompatibleClassChangeError'{0x000000072c249978}: Found class java.lang.Object, but interface was expected> (0x000000072c249978) 
thrown [s\src\hotspot\share\interpreter\linkResolver.cpp, line 838]
Event: 6.878 Thread 0x0000020209409320 Exception <a 'java/lang/NoSuchMethodError'{0x000000072bc78a40}: 'java.lang.Object java.lang.invoke.DirectMethodHandle$Holder.invokeInterface(java.lang.Object, java.lang.Object, java.lang.Object)'> (0x000000072bc78a40) 
thrown [s\src\hotspot\share\interpreter\linkResolver.cpp, line 771]
Event: 6.879 Thread 0x0000020209409320 Exception <a 'java/lang/IncompatibleClassChangeError'{0x000000072bc7c3b0}: Found class java.lang.Object, but interface was expected> (0x000000072bc7c3b0) 
thrown [s\src\hotspot\share\interpreter\linkResolver.cpp, line 838]
Event: 7.100 Thread 0x0000020209409320 Exception <a 'java/lang/NoSuchMethodError'{0x000000072b73a4b8}: 'int java.lang.invoke.DirectMethodHandle$Holder.invokeStaticInit(java.lang.Object, int)'> (0x000000072b73a4b8) 
thrown [s\src\hotspot\share\interpreter\linkResolver.cpp, line 771]
Event: 7.371 Thread 0x0000020209409320 Exception <a 'java/lang/NoSuchMethodError'{0x000000072a532fa8}: 'java.lang.Object java.lang.invoke.DirectMethodHandle$Holder.newInvokeSpecial(java.lang.Object, java.lang.Object, java.lang.Object, java.lang.Object, java.lang.Object, java.lang.Object, java.lang.Object)'> (0x000000072a532fa8) 
thrown [s\src\hotspot\share\interpreter\linkResolver.cpp, line 771]
Event: 7.371 Thread 0x0000020209409320 Exception <a 'java/lang/NoSuchMethodError'{0x000000072a537480}: 'java.lang.Object java.lang.invoke.Invokers$Holder.linkToTargetMethod(java.lang.Object, java.lang.Object, java.lang.Object, java.lang.Object, java.lang.Object, java.lang.Object, java.lang.Object)'> (0x000000072a537480) 
thrown [s\src\hotspot\share\interpreter\linkResolver.cpp, line 771]
Event: 7.713 Thread 0x0000020209409320 Implicit null exception at 0x00000202144e79d8 to 0x00000202144e7a6e
Event: 8.286 Thread 0x0000020209409320 Exception <a 'java/lang/NoSuchMethodError'{0x000000072c7dbe60}: 'java.lang.Object java.lang.invoke.DirectMethodHandle$Holder.newInvokeSpecial(java.lang.Object, int, java.lang.Object, java.lang.Object)'> (0x000000072c7dbe60) 
thrown [s\src\hotspot\share\interpreter\linkResolver.cpp, line 771]
Event: 8.999 Thread 0x0000020209409320 Implicit null exception at 0x0000020214a2594c to 0x0000020214a25b20
Event: 9.020 Thread 0x0000020209409320 Implicit null exception at 0x00000202149b83ac to 0x00000202149b8478
Event: 9.387 Thread 0x0000020209409320 Exception <a 'java/lang/NoSuchMethodError'{0x000000072c826070}: 'java.lang.Object java.lang.invoke.DirectMethodHandle$Holder.invokeStatic(java.lang.Object, int, java.lang.Object)'> (0x000000072c826070) 
thrown [s\src\hotspot\share\interpreter\linkResolver.cpp, line 771]
Event: 11.484 Thread 0x0000020209409320 Exception <a 'java/lang/NoSuchMethodError'{0x000000072e8914b8}: 'java.lang.Object java.lang.invoke.DirectMethodHandle$Holder.invokeStaticInit(java.lang.Object, java.lang.Object, java.lang.Object, java.lang.Object)'> (0x000000072e8914b8) 
thrown [s\src\hotspot\share\interpreter\linkResolver.cpp, line 771]
Event: 11.705 Thread 0x0000020209409320 Exception <a 'java/lang/NoSuchMethodError'{0x000000072daa6228}: 'java.lang.Object java.lang.invoke.DirectMethodHandle$Holder.newInvokeSpecial(java.lang.Object, java.lang.Object, java.lang.Object, int, int)'> (0x000000072daa6228) 
thrown [s\src\hotspot\share\interpreter\linkResolver.cpp, line 771]
Event: 11.705 Thread 0x0000020209409320 Exception <a 'java/lang/NoSuchMethodError'{0x000000072daaa068}: 'java.lang.Object java.lang.invoke.DirectMethodHandle$Holder.invokeSpecial(java.lang.Object, java.lang.Object, java.lang.Object, java.lang.Object, int, int)'> (0x000000072daaa068) 
thrown [s\src\hotspot\share\interpreter\linkResolver.cpp, line 771]
Event: 11.743 Thread 0x0000020209409320 Exception <a 'java/lang/NoSuchMethodError'{0x000000072d8ac8f0}: 'java.lang.Object java.lang.invoke.DirectMethodHandle$Holder.invokeSpecial(java.lang.Object, java.lang.Object, int, int, java.lang.Object, java.lang.Object, java.lang.Object, java.lang.Object, java.lang.Object)'> (0x000000072d8ac8f0) 
thrown [s\src\hotspot\share\interpreter\linkResolver.cpp, line 771]
Event: 11.930 Thread 0x0000020209409320 Implicit null exception at 0x00000202144ebff9 to 0x00000202144ec240
Event: 14.232 Thread 0x0000020209409320 Implicit null exception at 0x0000020214ae0ac0 to 0x0000020214ae24c4

VM Operations (20 events):
Event: 15.735 Executing VM operation: ICBufferFull
Event: 15.736 Executing VM operation: ICBufferFull done
Event: 15.814 Executing VM operation: ICBufferFull
Event: 15.815 Executing VM operation: ICBufferFull done
Event: 15.882 Executing VM operation: ICBufferFull
Event: 15.883 Executing VM operation: ICBufferFull done
Event: 15.937 Executing VM operation: HandshakeAllThreads
Event: 15.937 Executing VM operation: HandshakeAllThreads done
Event: 15.958 Executing VM operation: ICBufferFull
Event: 15.958 Executing VM operation: ICBufferFull done
Event: 16.035 Executing VM operation: ICBufferFull
Event: 16.036 Executing VM operation: ICBufferFull done
Event: 16.119 Executing VM operation: ICBufferFull
Event: 16.119 Executing VM operation: ICBufferFull done
Event: 16.286 Executing VM operation: ICBufferFull
Event: 16.287 Executing VM operation: ICBufferFull done
Event: 16.298 Executing VM operation: HandshakeAllThreads
Event: 16.298 Executing VM operation: HandshakeAllThreads done
Event: 16.298 Executing VM operation: HandshakeAllThreads
Event: 16.299 Executing VM operation: HandshakeAllThreads done

Events (20 events):
Event: 15.355 Thread 0x00000202277b03f0 flushing nmethod 0x000002020f127190
Event: 15.355 Thread 0x00000202277b03f0 flushing nmethod 0x000002020f13c210
Event: 15.356 Thread 0x00000202277b03f0 flushing nmethod 0x000002020f1bd490
Event: 15.356 Thread 0x00000202277b03f0 flushing nmethod 0x000002020f221c10
Event: 15.356 Thread 0x00000202277b03f0 flushing nmethod 0x000002020f234b10
Event: 15.356 Thread 0x00000202277b03f0 flushing nmethod 0x000002020f238310
Event: 15.356 Thread 0x00000202277b03f0 flushing nmethod 0x000002020f2d9010
Event: 15.356 Thread 0x00000202277b03f0 flushing nmethod 0x000002020f2de990
Event: 15.357 Thread 0x00000202277b03f0 flushing nmethod 0x000002020f308010
Event: 15.357 Thread 0x00000202277b03f0 flushing nmethod 0x000002020f31af90
Event: 15.357 Thread 0x00000202277b03f0 flushing nmethod 0x000002020f31c810
Event: 15.357 Thread 0x00000202277b03f0 flushing nmethod 0x000002020f34ab90
Event: 15.357 Thread 0x00000202277b03f0 flushing nmethod 0x000002020f37cf10
Event: 15.357 Thread 0x00000202277b03f0 flushing nmethod 0x000002020f392190
Event: 15.357 Thread 0x00000202277b03f0 flushing nmethod 0x000002020f393c10
Event: 15.357 Thread 0x00000202277b03f0 flushing nmethod 0x000002020f394290
Event: 16.303 Thread 0x00000202277b03f0 flushing nmethod 0x0000020214cbc110
Event: 16.304 Thread 0x00000202277b03f0 flushing nmethod 0x0000020214d0e610
Event: 16.304 Thread 0x00000202277b03f0 flushing nmethod 0x0000020214d10c10
Event: 16.304 Thread 0x00000202277b03f0 flushing nmethod 0x0000020214d14e90


Dynamic libraries:
0x00007ff7ccc60000 - 0x00007ff7ccc6a000 	C:\Program Files\Android\Android Studio2\jbr\bin\java.exe
0x00007ffee5870000 - 0x00007ffee5a87000 	C:\WINDOWS\SYSTEM32\ntdll.dll
0x00007ffee3e40000 - 0x00007ffee3f04000 	C:\WINDOWS\System32\KERNEL32.DLL
0x00007ffee2be0000 - 0x00007ffee2f86000 	C:\WINDOWS\System32\KERNELBASE.dll
0x00007ffee33f0000 - 0x00007ffee3501000 	C:\WINDOWS\System32\ucrtbase.dll
0x00007ffe996b0000 - 0x00007ffe996c7000 	C:\Program Files\Android\Android Studio2\jbr\bin\jli.dll
0x00007ffed9b40000 - 0x00007ffed9b5b000 	C:\Program Files\Android\Android Studio2\jbr\bin\VCRUNTIME140.dll
0x00007ffee4970000 - 0x00007ffee4b1e000 	C:\WINDOWS\System32\USER32.dll
0x00007ffecba50000 - 0x00007ffecbce3000 	C:\WINDOWS\WinSxS\amd64_microsoft.windows.common-controls_6595b64144ccf1df_6.0.22621.2506_none_270c5ae97388e100\COMCTL32.dll
0x00007ffee3590000 - 0x00007ffee35b6000 	C:\WINDOWS\System32\win32u.dll
0x00007ffee3ff0000 - 0x00007ffee4019000 	C:\WINDOWS\System32\GDI32.dll
0x00007ffee3860000 - 0x00007ffee3907000 	C:\WINDOWS\System32\msvcrt.dll
0x00007ffee3000000 - 0x00007ffee3118000 	C:\WINDOWS\System32\gdi32full.dll
0x00007ffee3350000 - 0x00007ffee33ea000 	C:\WINDOWS\System32\msvcp_win.dll
0x00007ffee5740000 - 0x00007ffee5771000 	C:\WINDOWS\System32\IMM32.DLL
0x00007ffed30e0000 - 0x00007ffed30ec000 	C:\Program Files\Android\Android Studio2\jbr\bin\vcruntime140_1.dll
0x00007ffeb0c30000 - 0x00007ffeb0cbd000 	C:\Program Files\Android\Android Studio2\jbr\bin\msvcp140.dll
0x00007ffe17560000 - 0x00007ffe181e0000 	C:\Program Files\Android\Android Studio2\jbr\bin\server\jvm.dll
0x00007ffee3ab0000 - 0x00007ffee3b61000 	C:\WINDOWS\System32\ADVAPI32.dll
0x00007ffee5780000 - 0x00007ffee5825000 	C:\WINDOWS\System32\sechost.dll
0x00007ffee35c0000 - 0x00007ffee36d7000 	C:\WINDOWS\System32\RPCRT4.dll
0x00007ffed9ab0000 - 0x00007ffed9ae4000 	C:\WINDOWS\SYSTEM32\WINMM.dll
0x00007ffec0a50000 - 0x00007ffec0a59000 	C:\WINDOWS\SYSTEM32\WSOCK32.dll
0x00007ffed7ba0000 - 0x00007ffed7baa000 	C:\WINDOWS\SYSTEM32\VERSION.dll
0x00007ffee4e50000 - 0x00007ffee4ec1000 	C:\WINDOWS\System32\WS2_32.dll
0x00007ffee1bf0000 - 0x00007ffee1c08000 	C:\WINDOWS\SYSTEM32\kernel.appcore.dll
0x00007ffeddea0000 - 0x00007ffeddeaa000 	C:\Program Files\Android\Android Studio2\jbr\bin\jimage.dll
0x00007ffee0570000 - 0x00007ffee07a3000 	C:\WINDOWS\SYSTEM32\DBGHELP.DLL
0x00007ffee4020000 - 0x00007ffee43a9000 	C:\WINDOWS\System32\combase.dll
0x00007ffee3f10000 - 0x00007ffee3fe7000 	C:\WINDOWS\System32\OLEAUT32.dll
0x00007ffeb63f0000 - 0x00007ffeb6422000 	C:\WINDOWS\SYSTEM32\dbgcore.DLL
0x00007ffee3510000 - 0x00007ffee358a000 	C:\WINDOWS\System32\bcryptPrimitives.dll
0x00007ffeaf650000 - 0x00007ffeaf675000 	C:\Program Files\Android\Android Studio2\jbr\bin\java.dll
0x00007ffece000000 - 0x00007ffece018000 	C:\Program Files\Android\Android Studio2\jbr\bin\zip.dll
0x00007ffee4ed0000 - 0x00007ffee572a000 	C:\WINDOWS\System32\SHELL32.dll
0x00007ffee0ac0000 - 0x00007ffee13b6000 	C:\WINDOWS\SYSTEM32\windows.storage.dll
0x00007ffee0980000 - 0x00007ffee0abe000 	C:\WINDOWS\SYSTEM32\wintypes.dll
0x00007ffee3b70000 - 0x00007ffee3c63000 	C:\WINDOWS\System32\SHCORE.dll
0x00007ffee3770000 - 0x00007ffee37ce000 	C:\WINDOWS\System32\shlwapi.dll
0x00007ffee2b10000 - 0x00007ffee2b36000 	C:\WINDOWS\SYSTEM32\profapi.dll
0x00007ffeaf630000 - 0x00007ffeaf649000 	C:\Program Files\Android\Android Studio2\jbr\bin\net.dll
0x00007ffedbe50000 - 0x00007ffedbf87000 	C:\WINDOWS\SYSTEM32\WINHTTP.dll
0x00007ffee2100000 - 0x00007ffee2169000 	C:\WINDOWS\system32\mswsock.dll
0x00007ffeabe40000 - 0x00007ffeabe56000 	C:\Program Files\Android\Android Studio2\jbr\bin\nio.dll
0x00007ffed30c0000 - 0x00007ffed30d0000 	C:\Program Files\Android\Android Studio2\jbr\bin\verify.dll

dbghelp: loaded successfully - version: 4.0.5 - missing functions: none
symbol engine: initialized successfully - sym options: 0x614 - pdb path: .;C:\Program Files\Android\Android Studio2\jbr\bin;C:\WINDOWS\SYSTEM32;C:\WINDOWS\WinSxS\amd64_microsoft.windows.common-controls_6595b64144ccf1df_6.0.22621.2506_none_270c5ae97388e100;C:\Program Files\Android\Android Studio2\jbr\bin\server

VM Arguments:
java_command: org.jetbrains.kotlin.cli.jvm.K2JVMCompiler @D:\Kuliah\Bangkit\Capstone Project\App\app\build\20231219_3260043236859104148.compiler.options
java_class_path (initial): D:\Bootcamp\dicoding\Class Belajar Membuat Aplikasi Android untuk Pemula\.gradle\caches\modules-2\files-2.1\org.jetbrains.kotlin\kotlin-compiler-embeddable\1.9.0\2c8c3a7402becca891f12739b3e9fd2dc2adbd7a\kotlin-compiler-embeddable-1.9.0.jar;D:\Bootcamp\dicoding\Class Belajar Membuat Aplikasi Android untuk Pemula\.gradle\caches\modules-2\files-2.1\org.jetbrains.kotlin\kotlin-stdlib\1.9.0\8ee15ef0c67dc83d874f412d84378d7f0eb50b63\kotlin-stdlib-1.9.0.jar;D:\Bootcamp\dicoding\Class Belajar Membuat Aplikasi Android untuk Pemula\.gradle\caches\modules-2\files-2.1\org.jetbrains.kotlin\kotlin-script-runtime\1.9.0\4b3102cbbb7e1b58d9d1adf89563f00069ffa7d1\kotlin-script-runtime-1.9.0.jar;D:\Bootcamp\dicoding\Class Belajar Membuat Aplikasi Android untuk Pemula\.gradle\caches\modules-2\files-2.1\org.jetbrains.kotlin\kotlin-reflect\1.6.10\1cbe9c92c12a94eea200d23c2bbaedaf3daf5132\kotlin-reflect-1.6.10.jar;D:\Bootcamp\dicoding\Class Belajar Membuat Aplikasi Android untuk Pemula\.gradle\caches\modules-2\files-2.1\org.jetbrains.kotlin\kotlin-daemon-embeddable\1.9.0\186543f5e28cf8d9a0290fecc2cf34301c40a65c\kotlin-daemon-embeddable-1.9.0.jar;D:\Bootcamp\dicoding\Class Belajar Membuat Aplikasi Android untuk Pemula\.gradle\caches\modules-2\files-2.1\org.jetbrains.intellij.deps\trove4j\1.0.20200330\3afb14d5f9ceb459d724e907a21145e8ff394f02\trove4j-1.0.20200330.jar;D:\Bootcamp\dicoding\Class Belajar Membuat Aplikasi Android untuk Pemula\.gradle\caches\modules-2\files-2.1\org.jetbrains.kotlin\kotlin-stdlib-common\1.9.0\cd65c21cfd1eec4d44ef09f9f52b6d9f8a720636\kotlin-stdlib-common-1.9.0.jar;D:\Bootcamp\dicoding\Class Belajar Membuat Aplikasi Android untuk Pemula\.gradle\caches\modules-2\files-2.1\org.jetbrains\annotations\13.0\919f0dfe192fb4e063e7dacadee7f8bb9a2672a9\annotations-13.0.jar
Launcher Type: SUN_STANDARD

[Global flags]
     intx CICompilerCount                          = 12                                        {product} {ergonomic}
     uint ConcGCThreads                            = 3                                         {product} {ergonomic}
     uint G1ConcRefinementThreads                  = 13                                        {product} {ergonomic}
   size_t G1HeapRegionSize                         = 2097152                                   {product} {ergonomic}
    uintx GCDrainStackTargetSize                   = 64                                        {product} {ergonomic}
   size_t InitialHeapSize                          = 232783872                                 {product} {ergonomic}
   size_t MarkStackSize                            = 4194304                                   {product} {ergonomic}
   size_t MaxHeapSize                              = 3720347648                                {product} {ergonomic}
   size_t MaxNewSize                               = 2231369728                                {product} {ergonomic}
   size_t MinHeapDeltaBytes                        = 2097152                                   {product} {ergonomic}
   size_t MinHeapSize                              = 8388608                                   {product} {ergonomic}
    uintx NonNMethodCodeHeapSize                   = 7602480                                {pd product} {ergonomic}
    uintx NonProfiledCodeHeapSize                  = 122027880                              {pd product} {ergonomic}
    uintx ProfiledCodeHeapSize                     = 122027880                              {pd product} {ergonomic}
    uintx ReservedCodeCacheSize                    = 251658240                              {pd product} {ergonomic}
     bool SegmentedCodeCache                       = true                                      {product} {ergonomic}
   size_t SoftMaxHeapSize                          = 3720347648                             {manageable} {ergonomic}
     bool UseCompressedClassPointers               = true                           {product lp64_product} {ergonomic}
     bool UseCompressedOops                        = true                           {product lp64_product} {ergonomic}
     bool UseG1GC                                  = true                                      {product} {ergonomic}
     bool UseLargePagesIndividualAllocation        = false                                  {pd product} {ergonomic}

Logging:
Log output configuration:
 #0: stdout all=warning uptime,level,tags
 #1: stderr all=off uptime,level,tags

Environment Variables:
PATH=C:\Program Files (x86)\Common Files\Intel\Shared Files\cpp\bin\Intel64;C:\oraclexe\app\oracle\product\11.2.0\server\bin;C:\App\Oracle\WINDOWS.X64_193000_db_home\bin;C:\Program Files\Common Files\Oracle\Java\javapath;C:\Program Files (x86)\Common Files\Oracle\Java\javapath;C:\Windows\system32;C:\Windows;C:\Windows\System32\Wbem;C:\Windows\System32\WindowsPowerShell\v1.0\;C:\Windows\System32\OpenSSH\;C:\Program Files (x86)\NVIDIA Corporation\PhysX\Common;C:\Program Files\Git\cmd;C:\Program Files\nodejs\;C:\WINDOWS\system32;C:\WINDOWS;C:\WINDOWS\System32\Wbem;C:\WINDOWS\System32\WindowsPowerShell\v1.0\;C:\WINDOWS\System32\OpenSSH\;C:\Program Files\NVIDIA Corporation\NVIDIA NvDLISR;C:\gradle-8.1.1\gradle-8.1.1\bin;C:\Program Files\PuTTY\;C:\Users\kingi\AppData\Local\Programs\Python\Python310\Scripts\;C:\Users\kingi\AppData\Local\Programs\Python\Python310\;C:\Users\kingi\AppData\Local\Microsoft\WindowsApps;C:\Users\kingi\AppData\Local\Programs\Microsoft VS Code\bin;C:\Users\kingi\AppData\Roaming\npm;C:\Users\kingi\OneDrive\Documents\belajar\dart\dart-sdk\bin;C:\Users\kingi\OneDrive\Documents\belajar\dart\flutter\flutter_sdk\bin;C:\Users\kingi\AppData\Local\GitHubDesktop\bin
USERNAME=Lenovo
OS=Windows_NT
PROCESSOR_IDENTIFIER=AMD64 Family 25 Model 80 Stepping 0, AuthenticAMD
TMP=C:\Users\kingi\AppData\Local\Temp
TEMP=C:\Users\kingi\AppData\Local\Temp


JNI global refs:
JNI global refs: 21, weak refs: 32

JNI global refs memory usage: 843, weak refs: 841

OOME stack traces (most recent first):
Classloader memory used:
Loader jdk.internal.loader.ClassLoaders$AppClassLoader                                 : 9826K
Loader bootstrap                                                                       : 1474K
Loader java.net.URLClassLoader                                                         : 344K
Loader jdk.internal.reflect.DelegatingClassLoader                                      : 24514B


---------------  S Y S T E M  ---------------

OS:
 Windows 11 , 64 bit Build 22621 (10.0.22621.2506)
OS uptime: 2 days 8:26 hours
Hyper-V role detected

CPU: total 16 (initial active 16) (16 cores per cpu, 2 threads per core) family 25 model 80 stepping 0 microcode 0x0, cx8, cmov, fxsr, ht, mmx, 3dnowpref, sse, sse2, sse3, ssse3, sse4a, sse4.1, sse4.2, popcnt, lzcnt, tsc, tscinvbit, avx, avx2, aes, erms, clmul, bmi1, bmi2, adx, sha, fma, vzeroupper, clflush, clflushopt, hv

Memory: 4k page, system-wide physical 14188M (521M free)
TotalPageFile size 57196M (AvailPageFile size 11M)
current process WorkingSet (physical memory assigned to process): 698M, peak: 702M
current process commit charge ("private bytes"): 897M, peak: 905M

vm_info: OpenJDK 64-Bit Server VM (17.0.7+0-b2043.56-10550314) for windows-amd64 JRE (17.0.7+0-b2043.56-10550314), built on Jul 24 2023 18:27:45 by "androidbuild" with MS VC++ 16.10 / 16.11 (VS2019)

END.
